#
# A fatal error has been detected by the Java Runtime Environment:
#
#  Internal Error (jvmciRuntime.cpp:1609), pid=32, tid=46
#  fatal error: Fatal exception in JVMCI: Error calling jdk.vm.ci.services.Services.serializeSavedProperties
#
# JRE version: OpenJDK Runtime Environment GraalVM CE 22.3.0 (17.0.5+8) (build 17.0.5+8-jvmci-22.3-b08)
# Java VM: OpenJDK 64-Bit Server VM GraalVM CE 22.3.0 (17.0.5+8-jvmci-22.3-b08, mixed mode, sharing, tiered, jvmci, jvmci compiler, compressed oops, compressed class ptrs, parallel gc, linux-amd64)
# Problematic frame:
# V  [libjvm.so+0x972714]  JVMCIRuntime::fatal_exception(JVMCIEnv*, char const*)+0x74
#
# Core dump will be written. Default location: Core dumps may be processed with "/usr/share/apport/apport -p%p -s%s -c%c -d%d -P%P -u%u -g%g -- %E" (or dumping to /home/runner/dsware-api/core.32)
#
# If you would like to submit a bug report, please visit:
#   https://github.com/oracle/graal/issues
#

---------------  S U M M A R Y ------------

Command Line: -XX:ThreadPriorityPolicy=1 -XX:+UnlockExperimentalVMOptions -XX:+EnableJVMCIProduct -XX:JVMCIThreadsPerNativeLibraryRuntime=1 -XX:-UnlockExperimentalVMOptions -Declipse.application=org.eclipse.jdt.ls.core.id1 -Dosgi.bundles.defaultStartLevel=4 -Declipse.product=org.eclipse.jdt.ls.core.product -Dlog.level=ALL -Xverify:none -XX:+UseParallelGC -XX:GCTimeRatio=4 -XX:AdaptiveSizePolicyWeight=90 -Dsun.zip.disableMemoryMapping=true -Xmx512m -Xms100m /nix/store/m6gcpi1ii6rghy04cjwjddcavv7i90df-jdt-language-server-1.9.0/share/java/plugins/org.eclipse.equinox.launcher_1.6.400.v20210924-0641.jar --add-modules=ALL-SYSTEM --add-opens java.base/java.util=ALL-UNNAMED --add-opens java.base/java.lang=ALL-UNNAMED -configuration /home/runner/.cache/jdt-language-server/config -data /home/runner/.cache/jdt-language-server/data/home/runner/dsware-api

Host: AMD EPYC 7B12, 8 cores, 1G, Ubuntu 20.04.2 LTS
Time: Tue Feb 21 17:15:12 2023 UTC elapsed time: 1582.834530 seconds (0d 0h 26m 22s)

---------------  T H R E A D  ---------------

Current thread (0x00007f52280b21d0):  JavaThread "JVMCI-native CompilerThread0" daemon [_thread_in_vm, id=46, stack(0x00007f522cd18000,0x00007f522cf18000)]


Current CompileTask:
JVMCI-native:1582835 9090   !   4       java.lang.ref.ReferenceQueue::poll (28 bytes)

Stack: [0x00007f522cd18000,0x00007f522cf18000],  sp=0x00007f522cf16380,  free space=2040k
Native frames: (J=compiled Java code, j=interpreted, Vv=VM code, C=native code)
V  [libjvm.so+0x972714]  JVMCIRuntime::fatal_exception(JVMCIEnv*, char const*)+0x74
V  [libjvm.so+0x93e2fe]  JVMCIEnv::copy_saved_properties()+0x14e
V  [libjvm.so+0x9732a9]  JVMCIRuntime::initialize(JVMCIEnv*)+0xb19
V  [libjvm.so+0x9738a2]  JVMCIRuntime::get_HotSpotJVMCIRuntime(JVMCIEnv*)+0x12
V  [libjvm.so+0x9749f2]  JVMCIRuntime::compile_method(JVMCIEnv*, JVMCICompiler*, methodHandle const&, int)+0xd2
V  [libjvm.so+0x5b0d20]  CompileBroker::invoke_compiler_on_method(CompileTask*)+0x1470
V  [libjvm.so+0x5b12e8]  CompileBroker::compiler_thread_loop()+0x528
V  [libjvm.so+0xd82460]  JavaThread::thread_main_inner()+0xd0
V  [libjvm.so+0xd85a40]  Thread::call_run()+0xc0
V  [libjvm.so+0xbdb1e1]  thread_native_entry(Thread*)+0xe1

Register to memory mapping:

RAX=0x00007f522fe34000 points into unknown readable memory: 0x0000000000000058 | 58 00 00 00 00 00 00 00
RBX=0x00007f5230f2f398: <offset 0x0000000000ef5398> in /nix/store/gpxl5qgg8kicmcvivwmybwjlpf7wh20l-graalvm17-ce-22.3.0/lib/server/libjvm.so at 0x00007f523003a000
RCX=0x00007f5230ee71e8: <offset 0x0000000000ead1e8> in /nix/store/gpxl5qgg8kicmcvivwmybwjlpf7wh20l-graalvm17-ce-22.3.0/lib/server/libjvm.so at 0x00007f523003a000
RDX=0x0000000000000649 is an unknown value
RSP=0x00007f522cf16380 is pointing into the stack for thread: 0x00007f52280b21d0
RBP=0x00007f522cf163a0 is pointing into the stack for thread: 0x00007f52280b21d0
RSI=0x00007f5230f2fc48: <offset 0x0000000000ef5c48> in /nix/store/gpxl5qgg8kicmcvivwmybwjlpf7wh20l-graalvm17-ce-22.3.0/lib/server/libjvm.so at 0x00007f523003a000
RDI=0x00000000e0000000 is an oop: java.lang.String 
{0x00000000e0000000} - klass: 'java/lang/String'
 - string: "resolution"
R8 =0x00007f5230f2f398: <offset 0x0000000000ef5398> in /nix/store/gpxl5qgg8kicmcvivwmybwjlpf7wh20l-graalvm17-ce-22.3.0/lib/server/libjvm.so at 0x00007f523003a000
R9 =0x00007f522cf16330 is pointing into the stack for thread: 0x00007f52280b21d0
R10=0x00007f522cf17948 is pointing into the stack for thread: 0x00007f52280b21d0
R11=0x0000000000000293 is an unknown value
R12=0x0 is NULL
R13=0x00007f52280b21d0 is a thread
R14=0x00007f5228000b80 points into unknown readable memory: 0x00007f5231160a38 | 38 0a 16 31 52 7f 00 00
R15=0x00007f523126ee40: <offset 0x0000000001234e40> in /nix/store/gpxl5qgg8kicmcvivwmybwjlpf7wh20l-graalvm17-ce-22.3.0/lib/server/libjvm.so at 0x00007f523003a000


Registers:
RAX=0x00007f522fe34000, RBX=0x00007f5230f2f398, RCX=0x00007f5230ee71e8, RDX=0x0000000000000649
RSP=0x00007f522cf16380, RBP=0x00007f522cf163a0, RSI=0x00007f5230f2fc48, RDI=0x00000000e0000000
R8 =0x00007f5230f2f398, R9 =0x00007f522cf16330, R10=0x00007f522cf17948, R11=0x0000000000000293
R12=0x0000000000000000, R13=0x00007f52280b21d0, R14=0x00007f5228000b80, R15=0x00007f523126ee40
RIP=0x00007f52309ac714, EFLAGS=0x0000000000010206, CSGSFS=0x002b000000000033, ERR=0x0000000000000006
  TRAPNO=0x000000000000000e

Top of Stack: (sp=0x00007f522cf16380)
0x00007f522cf16380:   00007f522cf16940 00007f52280b21d0
0x00007f522cf16390:   00007f522e7c58c8 0000000800c417a0
0x00007f522cf163a0:   00007f522cf16500 00007f52309782fe
0x00007f522cf163b0:   00007f522cf163e0 00007f522cf16440 

Instructions: (pc=0x00007f52309ac714)
0x00007f52309ac614:   30 e8 f6 cf e8 ff 4c 89 e7 e8 2e 48 d1 ff 84 db
0x00007f52309ac624:   75 2a 4d 85 ed 74 04 4d 8b 6d 00 48 83 c4 08 44
0x00007f52309ac634:   89 f9 4c 89 f2 4c 89 ee 5b 4c 89 e7 41 5c 41 5d
0x00007f52309ac644:   41 5e 41 5f 5d e9 e2 47 d1 ff 66 90 48 83 c4 08
0x00007f52309ac654:   5b 41 5c 41 5d 41 5e 41 5f 5d c3 90 31 d2 be 08
0x00007f52309ac664:   00 00 00 4c 89 ff e8 b1 78 a3 ff 49 89 c5 e9 37
0x00007f52309ac674:   ff ff ff 66 0f 1f 84 00 00 00 00 00 48 8b 7a 08
0x00007f52309ac684:   e9 6d ff ff ff 0f 1f 80 00 00 00 00 e8 5b 48 0a
0x00007f52309ac694:   00 84 c0 75 89 e9 6a ff ff ff 66 90 55 48 89 e5
0x00007f52309ac6a4:   41 56 41 55 41 54 49 89 fc 53 48 89 f3 66 48 8d
0x00007f52309ac6b4:   3d 27 5e 85 00 66 66 48 e8 df 43 8d ff 4c 8b 28
0x00007f52309ac6c4:   8b 05 be 72 8a 00 85 c0 75 14 ba 01 00 00 00 48
0x00007f52309ac6d4:   8d 0d ae 72 8a 00 f0 0f b1 11 85 c0 74 4e be c8
0x00007f52309ac6e4:   00 00 00 4c 89 ef e8 01 0b 41 00 48 8d 05 12 ac
0x00007f52309ac6f4:   85 00 49 89 d8 48 8d 0d e8 aa 53 00 ba 49 06 00
0x00007f52309ac704:   00 48 8d 35 3c 35 58 00 bf 00 00 00 e0 48 8b 00
0x00007f52309ac714:   c6 00 58 31 c0 e8 e2 91 c6 ff 5b 41 5c 41 5d 41
0x00007f52309ac724:   5e 5d e9 55 34 26 00 0f 1f 44 00 00 48 8d 05 81
0x00007f52309ac734:   a3 8b 00 48 89 df 4c 8b 30 e8 9e 43 8d ff 48 89
0x00007f52309ac744:   de 48 89 c2 49 8b 06 4c 89 f7 ff 50 08 4c 89 f7
0x00007f52309ac754:   e8 a7 5c 27 00 4d 85 e4 74 12 be 01 00 00 00 4c
0x00007f52309ac764:   89 e7 e8 35 43 fc ff eb 82 0f 1f 00 be 01 00 00
0x00007f52309ac774:   00 4c 89 ef e8 d3 fd ff ff e9 6d ff ff ff 66 66
0x00007f52309ac784:   2e 0f 1f 84 00 00 00 00 00 0f 1f 00 55 48 89 e5
0x00007f52309ac794:   41 57 41 56 41 55 41 54 53 48 81 ec 08 02 00 00
0x00007f52309ac7a4:   64 48 8b 04 25 28 00 00 00 48 89 45 c8 8b 07 83
0x00007f52309ac7b4:   f8 02 0f 84 11 04 00 00 4c 8b 6f 18 49 89 ff 49
0x00007f52309ac7c4:   89 f4 4d 85 ed 74 14 4c 89 ef e8 5d 57 22 00 41
0x00007f52309ac7d4:   8b 07 83 f8 02 0f 84 19 04 00 00 48 8d 1d 9a 06
0x00007f52309ac7e4:   8a 00 4c 8d 35 0b 3c 58 00 eb 38 90 48 85 d2 7f
0x00007f52309ac7f4:   0d 48 8d 05 b4 c0 85 00 48 83 38 00 7e 0e 41 8b
0x00007f52309ac804:   77 2c 4c 89 f7 31 c0 e8 a0 b2 f7 ff 49 8b 7f 18 


Stack slot to memory mapping:
stack at sp + 0 slots: 0x00007f522cf16940 is pointing into the stack for thread: 0x00007f52280b21d0
stack at sp + 1 slots: 0x00007f52280b21d0 is a thread
stack at sp + 2 slots: 0x00007f522e7c58c8 points into unknown readable memory: 0x65730018052dffff | ff ff 2d 05 18 00 73 65
stack at sp + 3 slots: 0x0000000800c417a0 is a pointer to class: 
jdk.vm.ci.services.Services {0x0000000800c417a0}
 - instance size:     2
 - klass size:        65
 - access:            public final synchronized 
 - state:             fully_initialized
 - name:              'jdk/vm/ci/services/Services'
 - super:             'java/lang/Object'
 - sub:               
 - arrays:            NULL
 - methods:           Array<T>(0x00007f522d844e48)
 - method ordering:   Array<T>(0x0000000800928960)
 - default_methods:   Array<T>(0x0000000000000000)
 - local interfaces:  Array<T>(0x00000008005ce810)
 - trans. interfaces: Array<T>(0x00000008005ce810)
 - constants:         constant pool [427] {0x00007f522d843f28} for 'jdk/vm/ci/services/Services' cache=0x00007f522d846118
 - class loader data:  loader data: 0x00007f52280283f0 of 'bootstrap'
 - source file:       'Services.java'
 - class annotations:       Array<T>(0x0000000000000000)
 - class type annotations:  Array<T>(0x0000000000000000)
 - field annotations:       Array<T>(0x0000000000000000)
 - field type annotations:  Array<T>(0x0000000000000000)
 - inner classes:     Array<T>(0x00007f522d8460e8)
 - nest members:     Array<T>(0x00007f522d846108)
 - permitted subclasses:     Array<T>(0x00000008005ce7a0)
 - java mirror:       a 'java/lang/Class'{0x00000000e01476e8} = 'jdk/vm/ci/services/Services'
 - vtable length      5  (start addr: 0x0000000800c41970)
 - itable length      2 (start addr: 0x0000000800c41998)
 - ---- static fields (3 words):
 - public static final 'IS_BUILDING_NATIVE_IMAGE' 'Z' @128 
 - public static final 'IS_IN_NATIVE_IMAGE' 'Z' @129 
 - private static volatile 'savedProperties' 'Ljava/util/Map;' @112 
 - static final 'JVMCI_ENABLED' 'Z' @130 
 - private static final 'servicesCache' 'Ljava/util/Map;' @116 
 - private static final 'MAX_UNICODE_IN_UTF8_LENGTH' 'I' @120 
 - private static final 'MAX_UTF8_PROPERTY_STRING_LENGTH' 'I' @124 
 - ---- non-static fields (0 words):
 - non-static oop maps: 
stack at sp + 4 slots: 0x00007f522cf16500 is pointing into the stack for thread: 0x00007f52280b21d0
stack at sp + 5 slots: 0x00007f52309782fe: <offset 0x000000000093e2fe> in /nix/store/gpxl5qgg8kicmcvivwmybwjlpf7wh20l-graalvm17-ce-22.3.0/lib/server/libjvm.so at 0x00007f523003a000
stack at sp + 6 slots: 0x00007f522cf163e0 is pointing into the stack for thread: 0x00007f52280b21d0
stack at sp + 7 slots: 0x00007f522cf16440 is pointing into the stack for thread: 0x00007f52280b21d0


---------------  P R O C E S S  ---------------

Threads class SMR info:
_java_thread_list=0x00007f5140001da0, length=44, elements={
0x00007f5228026690, 0x00007f52280a64d0, 0x00007f52280a7910, 0x00007f52280ae040,
0x00007f52280af3f0, 0x00007f52280b07e0, 0x00007f52280b21d0, 0x00007f52280b36e0,
0x00007f52280b4b30, 0x00007f52280d7aa0, 0x00007f5228120000, 0x00007f5228373e30,
0x00007f522838e160, 0x00007f52283a9800, 0x00007f522866d770, 0x00007f51c001a6e0,
0x00007f51c02a0ac0, 0x00007f51a80010d0, 0x00007f51c047f0d0, 0x00007f51c0520bb0,
0x00007f5228332450, 0x00007f52284e4310, 0x00007f5194000ff0, 0x00007f519016d630,
0x00007f519016e0d0, 0x00007f519016ed30, 0x00007f5190170f00, 0x00007f5190171480,
0x00007f5190172100, 0x00007f5190172ea0, 0x00007f5190173df0, 0x00007f5190174e20,
0x00007f5190188750, 0x00007f519018b1b0, 0x00007f5190187250, 0x00007f5190196fb0,
0x00007f51901984d0, 0x00007f5190185260, 0x00007f5190175d00, 0x00007f519018d210,
0x00007f5190195a50, 0x00007f519018d790, 0x00007f519018dfc0, 0x00007f519018ea20
}

Java Threads: ( => current thread )
  0x00007f5228026690 JavaThread "main" [_thread_blocked, id=38, stack(0x00007f522fe55000,0x00007f522ff55000)]
  0x00007f52280a64d0 JavaThread "Reference Handler" daemon [_thread_blocked, id=41, stack(0x00007f522d5fe000,0x00007f522d6fe000)]
  0x00007f52280a7910 JavaThread "Finalizer" daemon [_thread_blocked, id=42, stack(0x00007f522d4fe000,0x00007f522d5fe000)]
  0x00007f52280ae040 JavaThread "Signal Dispatcher" daemon [_thread_blocked, id=43, stack(0x00007f522d118000,0x00007f522d218000)]
  0x00007f52280af3f0 JavaThread "Service Thread" daemon [_thread_blocked, id=44, stack(0x00007f522d018000,0x00007f522d118000)]
  0x00007f52280b07e0 JavaThread "Monitor Deflation Thread" daemon [_thread_blocked, id=45, stack(0x00007f522cf18000,0x00007f522d018000)]
=>0x00007f52280b21d0 JavaThread "JVMCI-native CompilerThread0" daemon [_thread_in_vm, id=46, stack(0x00007f522cd18000,0x00007f522cf18000)]
  0x00007f52280b36e0 JavaThread "C1 CompilerThread0" daemon [_thread_blocked, id=47, stack(0x00007f522cb18000,0x00007f522cd18000)]
  0x00007f52280b4b30 JavaThread "Sweeper thread" daemon [_thread_blocked, id=48, stack(0x00007f522ca18000,0x00007f522cb18000)]
  0x00007f52280d7aa0 JavaThread "Common-Cleaner" daemon [_thread_blocked, id=49, stack(0x00007f522c918000,0x00007f522ca18000)]
  0x00007f5228120000 JavaThread "Notification Thread" daemon [_thread_blocked, id=50, stack(0x00007f522c818000,0x00007f522c918000)]
  0x00007f5228373e30 JavaThread "Active Thread: Equinox Container: 15bc0a50-496c-49ac-af89-9d273ab7bcfd" [_thread_blocked, id=63, stack(0x00007f522c500000,0x00007f522c600000)]
  0x00007f522838e160 JavaThread "Framework Event Dispatcher: Equinox Container: 15bc0a50-496c-49ac-af89-9d273ab7bcfd" daemon [_thread_blocked, id=64, stack(0x00007f522c300000,0x00007f522c400000)]
  0x00007f52283a9800 JavaThread "Start Level: Equinox Container: 15bc0a50-496c-49ac-af89-9d273ab7bcfd" daemon [_thread_blocked, id=65, stack(0x00007f522c100000,0x00007f522c200000)]
  0x00007f522866d770 JavaThread "Refresh Thread: Equinox Container: 15bc0a50-496c-49ac-af89-9d273ab7bcfd" daemon [_thread_blocked, id=68, stack(0x00007f520f3b3000,0x00007f520f4b3000)]
  0x00007f51c001a6e0 JavaThread "SCR Component Actor" daemon [_thread_blocked, id=69, stack(0x00007f520cf00000,0x00007f520d000000)]
  0x00007f51c02a0ac0 JavaThread "Worker-JM" [_thread_blocked, id=78, stack(0x00007f520cb00000,0x00007f520cc00000)]
  0x00007f51a80010d0 JavaThread "Worker-1" [_thread_blocked, id=80, stack(0x00007f520c700000,0x00007f520c800000)]
  0x00007f51c047f0d0 JavaThread "Java indexing" daemon [_thread_blocked, id=81, stack(0x00007f520c600000,0x00007f520c700000)]
  0x00007f51c0520bb0 JavaThread "Bundle File Closer" daemon [_thread_blocked, id=82, stack(0x00007f520c500000,0x00007f520c600000)]
  0x00007f5228332450 JavaThread "pool-3-thread-1" [_thread_blocked, id=84, stack(0x00007f520c300000,0x00007f520c400000)]
  0x00007f52284e4310 JavaThread "pool-2-thread-1" [_thread_blocked, id=86, stack(0x00007f51d6d00000,0x00007f51d6e00000)]
  0x00007f5194000ff0 JavaThread "Worker-4: Periodic workspace save." [_thread_blocked, id=91, stack(0x00007f520cd00000,0x00007f520ce00000)]
  0x00007f519016d630 JavaThread "Thread-2" [_thread_blocked, id=141, stack(0x00007f51d6900000,0x00007f51d6a00000)]
  0x00007f519016e0d0 JavaThread "Thread-3" [_thread_blocked, id=142, stack(0x00007f522c400000,0x00007f522c500000)]
  0x00007f519016ed30 JavaThread "Thread-4" [_thread_blocked, id=143, stack(0x00007f520c400000,0x00007f520c500000)]
  0x00007f5190170f00 JavaThread "Thread-7" [_thread_blocked, id=171, stack(0x00007f51d6800000,0x00007f51d6900000)]
  0x00007f5190171480 JavaThread "Thread-8" [_thread_blocked, id=172, stack(0x00007f522c000000,0x00007f522c100000)]
  0x00007f5190172100 JavaThread "Thread-9" [_thread_blocked, id=173, stack(0x00007f520cc00000,0x00007f520cd00000)]
  0x00007f5190172ea0 JavaThread "Thread-10" [_thread_blocked, id=174, stack(0x00007f520c800000,0x00007f520c900000)]
  0x00007f5190173df0 JavaThread "Thread-11" [_thread_blocked, id=175, stack(0x00007f51d6a00000,0x00007f51d6b00000)]
  0x00007f5190174e20 JavaThread "Thread-25" [_thread_blocked, id=252, stack(0x00007f51d5900000,0x00007f51d5a00000)]
  0x00007f5190188750 JavaThread "Thread-26" [_thread_blocked, id=253, stack(0x00007f51d5f00000,0x00007f51d6000000)]
  0x00007f519018b1b0 JavaThread "Thread-27" [_thread_blocked, id=254, stack(0x00007f51d5500000,0x00007f51d5600000)]
  0x00007f5190187250 JavaThread "Thread-28" [_thread_blocked, id=256, stack(0x00007f51d5300000,0x00007f51d5400000)]
  0x00007f5190196fb0 JavaThread "Thread-29" [_thread_blocked, id=257, stack(0x00007f51d6500000,0x00007f51d6600000)]
  0x00007f51901984d0 JavaThread "Thread-30" [_thread_blocked, id=258, stack(0x00007f51d5d00000,0x00007f51d5e00000)]
  0x00007f5190185260 JavaThread "Thread-32" [_thread_blocked, id=268, stack(0x00007f51d5100000,0x00007f51d5200000)]
  0x00007f5190175d00 JavaThread "Thread-33" [_thread_blocked, id=431, stack(0x00007f520c100000,0x00007f520c200000)]
  0x00007f519018d210 JavaThread "Thread-35" [_thread_blocked, id=587, stack(0x00007f51d6b00000,0x00007f51d6c00000)]
  0x00007f5190195a50 JavaThread "Thread-36" [_thread_blocked, id=772, stack(0x00007f520c900000,0x00007f520ca00000)]
  0x00007f519018d790 JavaThread "Thread-37" [_thread_blocked, id=1073, stack(0x00007f51d6300000,0x00007f51d6400000)]
  0x00007f519018dfc0 JavaThread "Thread-38" [_thread_blocked, id=1178, stack(0x00007f51d5b00000,0x00007f51d5c00000)]
  0x00007f519018ea20 JavaThread "Thread-39" [_thread_blocked, id=1946, stack(0x00007f51d6100000,0x00007f51d6200000)]

Other Threads:
  0x00007f52280a1c10 VMThread "VM Thread" [stack: 0x00007f522d700000,0x00007f522d800000] [id=40] _threads_hazard_ptr=0x00007f5140001da0
  0x00007f52281219a0 WatcherThread [stack: 0x00007f522c718000,0x00007f522c818000] [id=51]
  0x00007f522803df30 GCTaskThread "GC Thread#0" [stack: 0x00007f522fa18000,0x00007f522fb18000] [id=39]

Threads with active compile tasks:
JVMCI-native CompilerThread0  1582909 9090   !   4       java.lang.ref.ReferenceQueue::poll (28 bytes)
C1 CompilerThread0  1582909 9086   !   3       java.lang.invoke.MethodHandles$Lookup::revealDirect (196 bytes)

VM state: synchronizing (normal execution)

VM Mutex/Monitor currently owned by a thread:  ([mutex/lock_event])
[0x00007f5228023840] Threads_lock - owner thread: 0x00007f52280a1c10
[0x00007f5228023ff0] Heap_lock - owner thread: 0x00007f5190185260

OutOfMemory and StackOverflow Exception counts:
OutOfMemoryError java_heap_errors=6
LinkageErrors=53

Heap address: 0x00000000e0000000, size: 512 MB, Compressed Oops mode: 32-bit

CDS archive(s) mapped at: [0x0000000800000000-0x0000000800bc8000-0x0000000800bc8000), size 12353536, SharedBaseAddress: 0x0000000800000000, ArchiveRelocationMode: 0.
Compressed class space mapped at: 0x0000000800c00000-0x0000000840c00000, reserved size: 1073741824
Narrow klass base: 0x0000000800000000, Narrow klass shift: 0, Narrow klass range: 0x100000000

GC Precious Log:
 CPUs: 8 total, 1 available
 Memory: 1024M
 Large Page Support: Disabled
 NUMA Support: Disabled
 Compressed Oops: Enabled (32-bit)
 Alignments: Space 512K, Generation 512K, Heap 2M
 Heap Min Capacity: 100M
 Heap Initial Capacity: 100M
 Heap Max Capacity: 512M
 Pre-touch: Disabled
 Parallel Workers: 1

Heap:
 PSYoungGen      total 36352K, used 26624K [0x00000000f5580000, 0x00000000fa100000, 0x0000000100000000)
  eden space 26624K, 100% used [0x00000000f5580000,0x00000000f6f80000,0x00000000f6f80000)
  from space 9728K, 0% used [0x00000000f6f80000,0x00000000f6f80000,0x00000000f7900000)
  to   space 23040K, 0% used [0x00000000f8a80000,0x00000000f8a80000,0x00000000fa100000)
 ParOldGen       total 349696K, used 349693K [0x00000000e0000000, 0x00000000f5580000, 0x00000000f5580000)
  object space 349696K, 99% used [0x00000000e0000000,0x00000000f557f570,0x00000000f5580000)
 Metaspace       used 55807K, committed 56640K, reserved 1105920K
  class space    used 5384K, committed 5760K, reserved 1048576K

Card table byte_map: [0x00007f522fb18000,0x00007f522fc19000] _byte_map_base: 0x00007f522f418000

Marking Bits: (ParMarkBitMap*) 0x00007f52312684c0
 Begin Bits: [0x00007f522e96b000, 0x00007f522f16b000)
 End Bits:   [0x00007f522f16b000, 0x00007f522f96b000)

Polling page: 0x00007f522fe32000

Metaspace:

Usage:
  Non-class:     49.24 MB used.
      Class:      5.26 MB used.
       Both:     54.50 MB used.

Virtual space:
  Non-class space:       56.00 MB reserved,      49.69 MB ( 89%) committed,  7 nodes.
      Class space:        1.00 GB reserved,       5.62 MB ( <1%) committed,  1 nodes.
             Both:        1.05 GB reserved,      55.31 MB (  5%) committed. 

Chunk freelists:
   Non-Class:  2.37 MB
       Class:  2.44 MB
        Both:  4.81 MB

MaxMetaspaceSize: unlimited
CompressedClassSpaceSize: 1.00 GB
Initial GC threshold: 21.00 MB
Current GC threshold: 92.00 MB
CDS: on
MetaspaceReclaimPolicy: balanced
 - commit_granule_bytes: 65536.
 - commit_granule_words: 8192.
 - virtual_space_node_default_size: 1048576.
 - enlarge_chunks_in_place: 1.
 - new_chunks_are_fully_committed: 0.
 - uncommit_free_chunks: 1.
 - use_allocation_guard: 0.
 - handle_deallocations: 1.


Internal statistics:

num_allocs_failed_limit: 6.
num_arena_births: 382.
num_arena_deaths: 78.
num_vsnodes_births: 8.
num_vsnodes_deaths: 0.
num_space_committed: 884.
num_space_uncommitted: 0.
num_chunks_returned_to_freelist: 106.
num_chunks_taken_from_freelist: 2479.
num_chunk_merges: 42.
num_chunk_splits: 1630.
num_chunks_enlarged: 1057.
num_purges: 4.
num_inconsistent_stats: 0.

CodeHeap 'non-profiled nmethods': size=120036Kb used=2598Kb max_used=2836Kb free=117437Kb
 bounds [0x00007f5216f7a000, 0x00007f521724a000, 0x00007f521e4b3000]
CodeHeap 'profiled nmethods': size=120032Kb used=13788Kb max_used=16665Kb free=106243Kb
 bounds [0x00007f520fa42000, 0x00007f5210a92000, 0x00007f5216f7a000]
CodeHeap 'non-nmethods': size=5692Kb used=1399Kb max_used=1406Kb free=4292Kb
 bounds [0x00007f520f4b3000, 0x00007f520f723000, 0x00007f520fa42000]
 total_blobs=7067 nmethods=6331 adapters=609
 compilation: enabled
              stopped_count=0, restarted_count=0
 full_count=0

JVMCI Events (20 events):
Event: 1345.196 Thread 0x00007f52280b21d0 releasing handles for JVMCI runtime 0: oop handles=53, metadata handles={total=672, live=652, blocks=40}
Event: 1345.196 Thread 0x00007f52280b21d0 detached from JVMCI runtime 0
Event: 1376.256 Thread 0x00007f52280b21d0 attached to JVMCI runtime 0
Event: 1376.257 Thread 0x00007f52280b21d0 created JavaVM[9]@0x00007f51bce9e340 for JVMCI runtime 0
Event: 1377.896 Thread 0x00007f52280b21d0 initializing JVMCI runtime 0
Event: 1377.896 Thread 0x00007f52280b21d0 done waiting for JavaVM references initialization in JVMCI runtime 0
Event: 1531.630 Thread 0x00007f52280b21d0 initialized JVMCI runtime 0
Event: 1533.114 Thread 0x00007f52280b21d0 compacted oop handles in JVMCI runtime 0 from 68 to 64
Event: 1541.356 Thread 0x00007f52280b21d0 compacted oop handles in JVMCI runtime 0 from 78 to 77
Event: 1544.320 Thread 0x00007f52280b21d0 detaching from JVMCI runtime 0: releasing idle compiler thread (0 other threads still attached)
Event: 1544.320 Thread 0x00007f52280b21d0 shutting down HotSpotJVMCIRuntime for JVMCI runtime 0
Event: 1544.320 Thread 0x00007f52280b21d0 shut down JVMCI runtime 0
Event: 1544.324 Thread 0x00007f52280b21d0 destroyed JavaVM[9]@0x00007f51bce9e340 for JVMCI runtime 0
Event: 1544.324 Thread 0x00007f52280b21d0 compacted oop handles in JVMCI runtime 0 from 78 to 78
Event: 1544.324 Thread 0x00007f52280b21d0 releasing handles for JVMCI runtime 0: oop handles=78, metadata handles={total=147, live=142, blocks=40}
Event: 1544.324 Thread 0x00007f52280b21d0 detached from JVMCI runtime 0
Event: 1544.325 Thread 0x00007f52280b21d0 attached to JVMCI runtime 0
Event: 1544.333 Thread 0x00007f52280b21d0 created JavaVM[10]@0x00007f51bce9e340 for JVMCI runtime 0
Event: 1544.333 Thread 0x00007f52280b21d0 initializing JVMCI runtime 0
Event: 1544.333 Thread 0x00007f52280b21d0 done waiting for JavaVM references initialization in JVMCI runtime 0

Compilation events (20 events):
Event: 1341.325 Thread 0x00007f52280b21d0 9063   !   4       org.eclipse.jdt.internal.compiler.parser.Scanner::pushLineSeparator (295 bytes)
Event: 1342.554 Thread 0x00007f52280b21d0 nmethod 9063 0x00007f521713bd10 code [0x00007f521713bea0, 0x00007f521713c200]
Event: 1342.554 Thread 0x00007f52280b21d0 9074       4       org.eclipse.jdt.internal.core.PackageFragment::equals (53 bytes)
Event: 1343.845 Thread 0x00007f52280b21d0 nmethod 9074 0x00007f521713b590 code [0x00007f521713b720, 0x00007f521713ba40]
Event: 1355.539 Thread 0x00007f52280b36e0 9079       3       org.eclipse.jdt.internal.compiler.lookup.Scope::getTypeOrPackage (1692 bytes)
Event: 1367.256 Thread 0x00007f52280b36e0 nmethod 9079 0x00007f521050c890 code [0x00007f521050d480, 0x00007f521051c840]
Event: 1367.256 Thread 0x00007f52280b36e0 9080       3       org.eclipse.jdt.core.compiler.CharOperation::toStrings (52 bytes)
Event: 1367.256 Thread 0x00007f52280b36e0 nmethod 9080 0x00007f520fb5bd90 code [0x00007f520fb5bf80, 0x00007f520fb5c640]
Event: 1376.256 Thread 0x00007f52280b21d0 9081       4       java.util.concurrent.locks.AbstractQueuedSynchronizer::release (19 bytes)
Event: 1506.631 Thread 0x00007f52280b36e0 9084       3       java.lang.invoke.BootstrapMethodInvoker::isLambdaMetafactoryIndyBSM (13 bytes)
Event: 1506.632 Thread 0x00007f52280b36e0 nmethod 9084 0x00007f520fa7e210 code [0x00007f520fa7e3a0, 0x00007f520fa7e4f0]
Event: 1510.715 Thread 0x00007f52280b36e0 9085   !   3       java.lang.invoke.AbstractValidatingLambdaMetafactory::<init> (559 bytes)
Event: 1533.114 Thread 0x00007f52280b21d0 nmethod 9081 0x00007f521713af90 code [0x00007f521713b1a0, 0x00007f521713b450]
Event: 1533.114 Thread 0x00007f52280b21d0 9082 %     4       java.io.DataOutputStream::writeUTF @ 187 (411 bytes)
Event: 1541.356 Thread 0x00007f52280b21d0 nmethod 9082% 0x00007f521718f210 code [0x00007f521718f420, 0x00007f5217190190]
Event: 1541.356 Thread 0x00007f52280b21d0 9083       4       jdk.internal.reflect.AccessorGenerator::sub (5 bytes)
Event: 1542.839 Thread 0x00007f52280b21d0 nmethod 9083 0x00007f52170bee90 code [0x00007f52170bf000, 0x00007f52170bf020]
Event: 1544.325 Thread 0x00007f52280b21d0 9090   !   4       java.lang.ref.ReferenceQueue::poll (28 bytes)
Event: 1553.983 Thread 0x00007f52280b36e0 nmethod 9085 0x00007f521056dc90 code [0x00007f521056e5c0, 0x00007f5210574c00]
Event: 1553.983 Thread 0x00007f52280b36e0 9086   !   3       java.lang.invoke.MethodHandles$Lookup::revealDirect (196 bytes)

GC Heap History (20 events):
Event: 1568.945 GC heap before
{Heap before GC invocations=1329 (full 1195):
 PSYoungGen      total 36352K, used 26623K [0x00000000f5580000, 0x00000000fa100000, 0x0000000100000000)
  eden space 26624K, 99% used [0x00000000f5580000,0x00000000f6f7fff8,0x00000000f6f80000)
  from space 9728K, 0% used [0x00000000f6f80000,0x00000000f6f80000,0x00000000f7900000)
  to   space 23040K, 0% used [0x00000000f8a80000,0x00000000f8a80000,0x00000000fa100000)
 ParOldGen       total 349696K, used 349695K [0x00000000e0000000, 0x00000000f5580000, 0x00000000f5580000)
  object space 349696K, 99% used [0x00000000e0000000,0x00000000f557fc40,0x00000000f5580000)
 Metaspace       used 55807K, committed 56640K, reserved 1105920K
  class space    used 5384K, committed 5760K, reserved 1048576K
}
Event: 1570.334 GC heap after
{Heap after GC invocations=1329 (full 1195):
 PSYoungGen      total 49664K, used 26623K [0x00000000f5580000, 0x00000000fa100000, 0x0000000100000000)
  eden space 26624K, 99% used [0x00000000f5580000,0x00000000f6f7fff8,0x00000000f6f80000)
  from space 23040K, 0% used [0x00000000f8a80000,0x00000000f8a80000,0x00000000fa100000)
  to   space 9728K, 0% used [0x00000000f6f80000,0x00000000f6f80000,0x00000000f7900000)
 ParOldGen       total 349696K, used 349691K [0x00000000e0000000, 0x00000000f5580000, 0x00000000f5580000)
  object space 349696K, 99% used [0x00000000e0000000,0x00000000f557eff8,0x00000000f5580000)
 Metaspace       used 55807K, committed 56640K, reserved 1105920K
  class space    used 5384K, committed 5760K, reserved 1048576K
}
Event: 1570.337 GC heap before
{Heap before GC invocations=1330 (full 1196):
 PSYoungGen      total 49664K, used 26623K [0x00000000f5580000, 0x00000000fa100000, 0x0000000100000000)
  eden space 26624K, 99% used [0x00000000f5580000,0x00000000f6f7fff8,0x00000000f6f80000)
  from space 23040K, 0% used [0x00000000f8a80000,0x00000000f8a80000,0x00000000fa100000)
  to   space 9728K, 0% used [0x00000000f6f80000,0x00000000f6f80000,0x00000000f7900000)
 ParOldGen       total 349696K, used 349695K [0x00000000e0000000, 0x00000000f5580000, 0x00000000f5580000)
  object space 349696K, 99% used [0x00000000e0000000,0x00000000f557fdf8,0x00000000f5580000)
 Metaspace       used 55807K, committed 56640K, reserved 1105920K
  class space    used 5384K, committed 5760K, reserved 1048576K
}
Event: 1571.663 GC heap after
{Heap after GC invocations=1330 (full 1196):
 PSYoungGen      total 36352K, used 26623K [0x00000000f5580000, 0x00000000fa100000, 0x0000000100000000)
  eden space 26624K, 99% used [0x00000000f5580000,0x00000000f6f7fff8,0x00000000f6f80000)
  from space 9728K, 0% used [0x00000000f6f80000,0x00000000f6f80000,0x00000000f7900000)
  to   space 23040K, 0% used [0x00000000f8a80000,0x00000000f8a80000,0x00000000fa100000)
 ParOldGen       total 349696K, used 349693K [0x00000000e0000000, 0x00000000f5580000, 0x00000000f5580000)
  object space 349696K, 99% used [0x00000000e0000000,0x00000000f557f780,0x00000000f5580000)
 Metaspace       used 55807K, committed 56640K, reserved 1105920K
  class space    used 5384K, committed 5760K, reserved 1048576K
}
Event: 1571.664 GC heap before
{Heap before GC invocations=1331 (full 1197):
 PSYoungGen      total 36352K, used 26623K [0x00000000f5580000, 0x00000000fa100000, 0x0000000100000000)
  eden space 26624K, 99% used [0x00000000f5580000,0x00000000f6f7fff8,0x00000000f6f80000)
  from space 9728K, 0% used [0x00000000f6f80000,0x00000000f6f80000,0x00000000f7900000)
  to   space 23040K, 0% used [0x00000000f8a80000,0x00000000f8a80000,0x00000000fa100000)
 ParOldGen       total 349696K, used 349696K [0x00000000e0000000, 0x00000000f5580000, 0x00000000f5580000)
  object space 349696K, 100% used [0x00000000e0000000,0x00000000f5580000,0x00000000f5580000)
 Metaspace       used 55807K, committed 56640K, reserved 1105920K
  class space    used 5384K, committed 5760K, reserved 1048576K
}
Event: 1573.042 GC heap after
{Heap after GC invocations=1331 (full 1197):
 PSYoungGen      total 49664K, used 26623K [0x00000000f5580000, 0x00000000fa100000, 0x0000000100000000)
  eden space 26624K, 99% used [0x00000000f5580000,0x00000000f6f7fff8,0x00000000f6f80000)
  from space 23040K, 0% used [0x00000000f8a80000,0x00000000f8a80000,0x00000000fa100000)
  to   space 9728K, 0% used [0x00000000f6f80000,0x00000000f6f80000,0x00000000f7900000)
 ParOldGen       total 349696K, used 349693K [0x00000000e0000000, 0x00000000f5580000, 0x00000000f5580000)
  object space 349696K, 99% used [0x00000000e0000000,0x00000000f557f730,0x00000000f5580000)
 Metaspace       used 55807K, committed 56640K, reserved 1105920K
  class space    used 5384K, committed 5760K, reserved 1048576K
}
Event: 1573.043 GC heap before
{Heap before GC invocations=1332 (full 1198):
 PSYoungGen      total 49664K, used 26623K [0x00000000f5580000, 0x00000000fa100000, 0x0000000100000000)
  eden space 26624K, 99% used [0x00000000f5580000,0x00000000f6f7fff8,0x00000000f6f80000)
  from space 23040K, 0% used [0x00000000f8a80000,0x00000000f8a80000,0x00000000fa100000)
  to   space 9728K, 0% used [0x00000000f6f80000,0x00000000f6f80000,0x00000000f7900000)
 ParOldGen       total 349696K, used 349695K [0x00000000e0000000, 0x00000000f5580000, 0x00000000f5580000)
  object space 349696K, 99% used [0x00000000e0000000,0x00000000f557ffc0,0x00000000f5580000)
 Metaspace       used 55807K, committed 56640K, reserved 1105920K
  class space    used 5384K, committed 5760K, reserved 1048576K
}
Event: 1574.554 GC heap after
{Heap after GC invocations=1332 (full 1198):
 PSYoungGen      total 36352K, used 26623K [0x00000000f5580000, 0x00000000fa100000, 0x0000000100000000)
  eden space 26624K, 99% used [0x00000000f5580000,0x00000000f6f7fff8,0x00000000f6f80000)
  from space 9728K, 0% used [0x00000000f6f80000,0x00000000f6f80000,0x00000000f7900000)
  to   space 23040K, 0% used [0x00000000f8a80000,0x00000000f8a80000,0x00000000fa100000)
 ParOldGen       total 349696K, used 349695K [0x00000000e0000000, 0x00000000f5580000, 0x00000000f5580000)
  object space 349696K, 99% used [0x00000000e0000000,0x00000000f557ff30,0x00000000f5580000)
 Metaspace       used 55807K, committed 56640K, reserved 1105920K
  class space    used 5384K, committed 5760K, reserved 1048576K
}
Event: 1574.555 GC heap before
{Heap before GC invocations=1333 (full 1199):
 PSYoungGen      total 36352K, used 26623K [0x00000000f5580000, 0x00000000fa100000, 0x0000000100000000)
  eden space 26624K, 99% used [0x00000000f5580000,0x00000000f6f7fff8,0x00000000f6f80000)
  from space 9728K, 0% used [0x00000000f6f80000,0x00000000f6f80000,0x00000000f7900000)
  to   space 23040K, 0% used [0x00000000f8a80000,0x00000000f8a80000,0x00000000fa100000)
 ParOldGen       total 349696K, used 349695K [0x00000000e0000000, 0x00000000f5580000, 0x00000000f5580000)
  object space 349696K, 99% used [0x00000000e0000000,0x00000000f557ffb0,0x00000000f5580000)
 Metaspace       used 55807K, committed 56640K, reserved 1105920K
  class space    used 5384K, committed 5760K, reserved 1048576K
}
Event: 1575.926 GC heap after
{Heap after GC invocations=1333 (full 1199):
 PSYoungGen      total 49664K, used 26623K [0x00000000f5580000, 0x00000000fa100000, 0x0000000100000000)
  eden space 26624K, 99% used [0x00000000f5580000,0x00000000f6f7ffd8,0x00000000f6f80000)
  from space 23040K, 0% used [0x00000000f8a80000,0x00000000f8a80000,0x00000000fa100000)
  to   space 9728K, 0% used [0x00000000f6f80000,0x00000000f6f80000,0x00000000f7900000)
 ParOldGen       total 349696K, used 349695K [0x00000000e0000000, 0x00000000f5580000, 0x00000000f5580000)
  object space 349696K, 99% used [0x00000000e0000000,0x00000000f557ff18,0x00000000f5580000)
 Metaspace       used 55807K, committed 56640K, reserved 1105920K
  class space    used 5384K, committed 5760K, reserved 1048576K
}
Event: 1575.926 GC heap before
{Heap before GC invocations=1334 (full 1200):
 PSYoungGen      total 49664K, used 26624K [0x00000000f5580000, 0x00000000fa100000, 0x0000000100000000)
  eden space 26624K, 100% used [0x00000000f5580000,0x00000000f6f80000,0x00000000f6f80000)
  from space 23040K, 0% used [0x00000000f8a80000,0x00000000f8a80000,0x00000000fa100000)
  to   space 9728K, 0% used [0x00000000f6f80000,0x00000000f6f80000,0x00000000f7900000)
 ParOldGen       total 349696K, used 349695K [0x00000000e0000000, 0x00000000f5580000, 0x00000000f5580000)
  object space 349696K, 99% used [0x00000000e0000000,0x00000000f557ff18,0x00000000f5580000)
 Metaspace       used 55807K, committed 56640K, reserved 1105920K
  class space    used 5384K, committed 5760K, reserved 1048576K
}
Event: 1577.323 GC heap after
{Heap after GC invocations=1334 (full 1200):
 PSYoungGen      total 36352K, used 26624K [0x00000000f5580000, 0x00000000fa100000, 0x0000000100000000)
  eden space 26624K, 100% used [0x00000000f5580000,0x00000000f6f80000,0x00000000f6f80000)
  from space 9728K, 0% used [0x00000000f6f80000,0x00000000f6f80000,0x00000000f7900000)
  to   space 23040K, 0% used [0x00000000f8a80000,0x00000000f8a80000,0x00000000fa100000)
 ParOldGen       total 349696K, used 349695K [0x00000000e0000000, 0x00000000f5580000, 0x00000000f5580000)
  object space 349696K, 99% used [0x00000000e0000000,0x00000000f557ff18,0x00000000f5580000)
 Metaspace       used 55807K, committed 56640K, reserved 1105920K
  class space    used 5384K, committed 5760K, reserved 1048576K
}
Event: 1577.327 GC heap before
{Heap before GC invocations=1335 (full 1201):
 PSYoungGen      total 36352K, used 26624K [0x00000000f5580000, 0x00000000fa100000, 0x0000000100000000)
  eden space 26624K, 100% used [0x00000000f5580000,0x00000000f6f80000,0x00000000f6f80000)
  from space 9728K, 0% used [0x00000000f6f80000,0x00000000f6f80000,0x00000000f7900000)
  to   space 23040K, 0% used [0x00000000f8a80000,0x00000000f8a80000,0x00000000fa100000)
 ParOldGen       total 349696K, used 349695K [0x00000000e0000000, 0x00000000f5580000, 0x00000000f5580000)
  object space 349696K, 99% used [0x00000000e0000000,0x00000000f557fff8,0x00000000f5580000)
 Metaspace       used 55807K, committed 56640K, reserved 1105920K
  class space    used 5384K, committed 5760K, reserved 1048576K
}
Event: 1578.810 GC heap after
{Heap after GC invocations=1335 (full 1201):
 PSYoungGen      total 49664K, used 26624K [0x00000000f5580000, 0x00000000fa100000, 0x0000000100000000)
  eden space 26624K, 100% used [0x00000000f5580000,0x00000000f6f80000,0x00000000f6f80000)
  from space 23040K, 0% used [0x00000000f8a80000,0x00000000f8a80000,0x00000000fa100000)
  to   space 9728K, 0% used [0x00000000f6f80000,0x00000000f6f80000,0x00000000f7900000)
 ParOldGen       total 349696K, used 349695K [0x00000000e0000000, 0x00000000f5580000, 0x00000000f5580000)
  object space 349696K, 99% used [0x00000000e0000000,0x00000000f557fff8,0x00000000f5580000)
 Metaspace       used 55807K, committed 56640K, reserved 1105920K
  class space    used 5384K, committed 5760K, reserved 1048576K
}
Event: 1578.810 GC heap before
{Heap before GC invocations=1336 (full 1202):
 PSYoungGen      total 49664K, used 26624K [0x00000000f5580000, 0x00000000fa100000, 0x0000000100000000)
  eden space 26624K, 100% used [0x00000000f5580000,0x00000000f6f80000,0x00000000f6f80000)
  from space 23040K, 0% used [0x00000000f8a80000,0x00000000f8a80000,0x00000000fa100000)
  to   space 9728K, 0% used [0x00000000f6f80000,0x00000000f6f80000,0x00000000f7900000)
 ParOldGen       total 349696K, used 349695K [0x00000000e0000000, 0x00000000f5580000, 0x00000000f5580000)
  object space 349696K, 99% used [0x00000000e0000000,0x00000000f557fff8,0x00000000f5580000)
 Metaspace       used 55807K, committed 56640K, reserved 1105920K
  class space    used 5384K, committed 5760K, reserved 1048576K
}
Event: 1580.140 GC heap after
{Heap after GC invocations=1336 (full 1202):
 PSYoungGen      total 36352K, used 26624K [0x00000000f5580000, 0x00000000fa100000, 0x0000000100000000)
  eden space 26624K, 100% used [0x00000000f5580000,0x00000000f6f80000,0x00000000f6f80000)
  from space 9728K, 0% used [0x00000000f6f80000,0x00000000f6f80000,0x00000000f7900000)
  to   space 23040K, 0% used [0x00000000f8a80000,0x00000000f8a80000,0x00000000fa100000)
 ParOldGen       total 349696K, used 349692K [0x00000000e0000000, 0x00000000f5580000, 0x00000000f5580000)
  object space 349696K, 99% used [0x00000000e0000000,0x00000000f557f128,0x00000000f5580000)
 Metaspace       used 55807K, committed 56640K, reserved 1105920K
  class space    used 5384K, committed 5760K, reserved 1048576K
}
Event: 1580.147 GC heap before
{Heap before GC invocations=1337 (full 1203):
 PSYoungGen      total 36352K, used 26624K [0x00000000f5580000, 0x00000000fa100000, 0x0000000100000000)
  eden space 26624K, 100% used [0x00000000f5580000,0x00000000f6f80000,0x00000000f6f80000)
  from space 9728K, 0% used [0x00000000f6f80000,0x00000000f6f80000,0x00000000f7900000)
  to   space 23040K, 0% used [0x00000000f8a80000,0x00000000f8a80000,0x00000000fa100000)
 ParOldGen       total 349696K, used 349694K [0x00000000e0000000, 0x00000000f5580000, 0x00000000f5580000)
  object space 349696K, 99% used [0x00000000e0000000,0x00000000f557fa00,0x00000000f5580000)
 Metaspace       used 55807K, committed 56640K, reserved 1105920K
  class space    used 5384K, committed 5760K, reserved 1048576K
}
Event: 1581.433 GC heap after
{Heap after GC invocations=1337 (full 1203):
 PSYoungGen      total 49664K, used 26624K [0x00000000f5580000, 0x00000000fa100000, 0x0000000100000000)
  eden space 26624K, 100% used [0x00000000f5580000,0x00000000f6f80000,0x00000000f6f80000)
  from space 23040K, 0% used [0x00000000f8a80000,0x00000000f8a80000,0x00000000fa100000)
  to   space 9728K, 0% used [0x00000000f6f80000,0x00000000f6f80000,0x00000000f7900000)
 ParOldGen       total 349696K, used 349693K [0x00000000e0000000, 0x00000000f5580000, 0x00000000f5580000)
  object space 349696K, 99% used [0x00000000e0000000,0x00000000f557f520,0x00000000f5580000)
 Metaspace       used 55807K, committed 56640K, reserved 1105920K
  class space    used 5384K, committed 5760K, reserved 1048576K
}
Event: 1581.433 GC heap before
{Heap before GC invocations=1338 (full 1204):
 PSYoungGen      total 49664K, used 26624K [0x00000000f5580000, 0x00000000fa100000, 0x0000000100000000)
  eden space 26624K, 100% used [0x00000000f5580000,0x00000000f6f80000,0x00000000f6f80000)
  from space 23040K, 0% used [0x00000000f8a80000,0x00000000f8a80000,0x00000000fa100000)
  to   space 9728K, 0% used [0x00000000f6f80000,0x00000000f6f80000,0x00000000f7900000)
 ParOldGen       total 349696K, used 349693K [0x00000000e0000000, 0x00000000f5580000, 0x00000000f5580000)
  object space 349696K, 99% used [0x00000000e0000000,0x00000000f557f520,0x00000000f5580000)
 Metaspace       used 55807K, committed 56640K, reserved 1105920K
  class space    used 5384K, committed 5760K, reserved 1048576K
}
Event: 1582.827 GC heap after
{Heap after GC invocations=1338 (full 1204):
 PSYoungGen      total 36352K, used 26624K [0x00000000f5580000, 0x00000000fa100000, 0x0000000100000000)
  eden space 26624K, 100% used [0x00000000f5580000,0x00000000f6f80000,0x00000000f6f80000)
  from space 9728K, 0% used [0x00000000f6f80000,0x00000000f6f80000,0x00000000f7900000)
  to   space 23040K, 0% used [0x00000000f8a80000,0x00000000f8a80000,0x00000000fa100000)
 ParOldGen       total 349696K, used 349693K [0x00000000e0000000, 0x00000000f5580000, 0x00000000f5580000)
  object space 349696K, 99% used [0x00000000e0000000,0x00000000f557f520,0x00000000f5580000)
 Metaspace       used 55807K, committed 56640K, reserved 1105920K
  class space    used 5384K, committed 5760K, reserved 1048576K
}

Dll operation events (9 events):
Event: 0.002 Loaded shared library /nix/store/gpxl5qgg8kicmcvivwmybwjlpf7wh20l-graalvm17-ce-22.3.0/lib/libjava.so
Event: 0.008 Loaded shared library /nix/store/gpxl5qgg8kicmcvivwmybwjlpf7wh20l-graalvm17-ce-22.3.0/lib/libjsvml.so
Event: 0.201 Loaded shared library /nix/store/gpxl5qgg8kicmcvivwmybwjlpf7wh20l-graalvm17-ce-22.3.0/lib/libnio.so
Event: 0.204 Loaded shared library /nix/store/gpxl5qgg8kicmcvivwmybwjlpf7wh20l-graalvm17-ce-22.3.0/lib/libzip.so
Event: 0.215 Loaded shared library /nix/store/gpxl5qgg8kicmcvivwmybwjlpf7wh20l-graalvm17-ce-22.3.0/lib/libjvmcicompiler.so
Event: 0.529 Loaded shared library /nix/store/gpxl5qgg8kicmcvivwmybwjlpf7wh20l-graalvm17-ce-22.3.0/lib/libjimage.so
Event: 1.019 Loaded shared library /nix/store/gpxl5qgg8kicmcvivwmybwjlpf7wh20l-graalvm17-ce-22.3.0/lib/libnet.so
Event: 4.149 Loaded shared library /home/runner/.cache/jdt-language-server/config/org.eclipse.equinox.launcher/org.eclipse.equinox.launcher.gtk.linux.x86_64_1.2.400.v20211117-0650/eclipse_11600.so
Event: 13.072 Loaded shared library /nix/store/gpxl5qgg8kicmcvivwmybwjlpf7wh20l-graalvm17-ce-22.3.0/lib/libextnet.so

Deoptimization events (20 events):
Event: 76.063 Thread 0x00007f51901984d0 DEOPT PACKING pc=0x00007f521018c68e sp=0x00007f51d5dfdce0
Event: 76.063 Thread 0x00007f51901984d0 DEOPT UNPACKING pc=0x00007f520f505325 sp=0x00007f51d5dfd200 mode 0
Event: 77.683 Thread 0x00007f5190185260 DEOPT PACKING pc=0x00007f521018c68e sp=0x00007f51d51fdf90
Event: 77.683 Thread 0x00007f5190185260 DEOPT UNPACKING pc=0x00007f520f505325 sp=0x00007f51d51fd4b0 mode 0
Event: 77.683 Thread 0x00007f5190185260 DEOPT PACKING pc=0x00007f521018c68e sp=0x00007f51d51fdce0
Event: 77.683 Thread 0x00007f5190185260 DEOPT UNPACKING pc=0x00007f520f505325 sp=0x00007f51d51fd200 mode 0
Event: 81.027 Thread 0x00007f5190185260 DEOPT PACKING pc=0x00007f521018c68e sp=0x00007f51d51fdf50
Event: 81.027 Thread 0x00007f5190185260 DEOPT UNPACKING pc=0x00007f520f505325 sp=0x00007f51d51fd470 mode 0
Event: 935.621 Thread 0x00007f519018d210 DEOPT PACKING pc=0x00007f5217149688 sp=0x00007f51d6bfde20
Event: 935.621 Thread 0x00007f519018d210 DEOPT UNPACKING pc=0x00007f520f505325 sp=0x00007f51d6bfd2c8 mode 1
Event: 1102.240 Thread 0x00007f5190175d00 Uncommon trap: trap_request=0xffffff8f fr.pc=0x00007f5217230157 relative=0x00000000000002b7
Event: 1102.240 Thread 0x00007f5190175d00 Uncommon trap: reason=constraint action=none pc=0x00007f5217230157 method=org.eclipse.jdt.internal.compiler.util.CharDelegateMap.<init>(I)V @ 0 jvmci
Event: 1102.240 Thread 0x00007f5190175d00 DEOPT PACKING pc=0x00007f5217230157 sp=0x00007f520c1fd970
Event: 1102.240 Thread 0x00007f5190175d00 DEOPT UNPACKING pc=0x00007f520f505325 sp=0x00007f520c1fce08 mode 3
Event: 1121.696 Thread 0x00007f519018d210 Uncommon trap: trap_request=0xffffffed fr.pc=0x00007f5216ffc1b9 relative=0x0000000000000599
Event: 1121.696 Thread 0x00007f519018d210 Uncommon trap: reason=null_assert_or_unreached0 action=reinterpret pc=0x00007f5216ffc1b9 method=java.util.concurrent.ConcurrentHashMap.get(Ljava/lang/Object;)Ljava/lang/Object; @ 152 jvmci
Event: 1121.696 Thread 0x00007f519018d210 DEOPT PACKING pc=0x00007f5216ffc1b9 sp=0x00007f51d6bfca20
Event: 1121.696 Thread 0x00007f519018d210 DEOPT UNPACKING pc=0x00007f520f505325 sp=0x00007f51d6bfbeb8 mode 3
Event: 1580.141 Thread 0x00007f52280b21d0 DEOPT PACKING pc=0x00007f5210787d3a sp=0x00007f522cf15ef0
Event: 1580.141 Thread 0x00007f52280b21d0 DEOPT UNPACKING pc=0x00007f520f505325 sp=0x00007f522cf15458 mode 0

Classes unloaded (20 events):
Event: 72.123 Thread 0x00007f52280a1c10 Unloading class 0x0000000800ef8000 'jdk/internal/reflect/GeneratedConstructorAccessor8'
Event: 72.123 Thread 0x00007f52280a1c10 Unloading class 0x0000000800da5000 'java/lang/invoke/LambdaForm$MH+0x0000000800da5000'
Event: 72.123 Thread 0x00007f52280a1c10 Unloading class 0x0000000800da4c00 'java/lang/invoke/LambdaForm$MH+0x0000000800da4c00'
Event: 72.123 Thread 0x00007f52280a1c10 Unloading class 0x0000000800da4800 'java/lang/invoke/LambdaForm$MH+0x0000000800da4800'
Event: 72.123 Thread 0x00007f52280a1c10 Unloading class 0x0000000800da4400 'java/lang/invoke/LambdaForm$MH+0x0000000800da4400'
Event: 72.123 Thread 0x00007f52280a1c10 Unloading class 0x0000000800da4000 'jdk/internal/reflect/GeneratedConstructorAccessor3'
Event: 72.123 Thread 0x00007f52280a1c10 Unloading class 0x0000000800d06800 'java/lang/invoke/LambdaForm$MH+0x0000000800d06800'
Event: 72.123 Thread 0x00007f52280a1c10 Unloading class 0x0000000800d06000 'java/lang/invoke/LambdaForm$MH+0x0000000800d06000'
Event: 72.123 Thread 0x00007f52280a1c10 Unloading class 0x0000000800d05c00 'java/lang/invoke/LambdaForm$MH+0x0000000800d05c00'
Event: 72.123 Thread 0x00007f52280a1c10 Unloading class 0x0000000800d05800 'java/lang/invoke/LambdaForm$MH+0x0000000800d05800'
Event: 72.123 Thread 0x00007f52280a1c10 Unloading class 0x0000000800d05000 'java/lang/invoke/LambdaForm$MH+0x0000000800d05000'
Event: 72.123 Thread 0x00007f52280a1c10 Unloading class 0x0000000800d04c00 'java/lang/invoke/LambdaForm$MH+0x0000000800d04c00'
Event: 72.123 Thread 0x00007f52280a1c10 Unloading class 0x0000000800d04800 'java/lang/invoke/LambdaForm$MH+0x0000000800d04800'
Event: 72.123 Thread 0x00007f52280a1c10 Unloading class 0x0000000800d04000 'java/lang/invoke/LambdaForm$MH+0x0000000800d04000'
Event: 72.123 Thread 0x00007f52280a1c10 Unloading class 0x0000000800c1d000 'jdk/internal/reflect/GeneratedMethodAccessor5'
Event: 72.123 Thread 0x00007f52280a1c10 Unloading class 0x0000000800c1cc00 'jdk/internal/reflect/GeneratedMethodAccessor4'
Event: 72.123 Thread 0x00007f52280a1c10 Unloading class 0x0000000800c1c800 'jdk/internal/reflect/GeneratedMethodAccessor3'
Event: 72.123 Thread 0x00007f52280a1c10 Unloading class 0x0000000800c1c400 'jdk/internal/reflect/GeneratedMethodAccessor2'
Event: 72.123 Thread 0x00007f52280a1c10 Unloading class 0x0000000800c1c000 'jdk/internal/reflect/GeneratedMethodAccessor1'
Event: 72.123 Thread 0x00007f52280a1c10 Unloading class 0x0000000800c01c00 'java/lang/invoke/LambdaForm$DMH+0x0000000800c01c00'

Classes redefined (0 events):
No events

Internal exceptions (20 events):
Event: 34.805 Thread 0x00007f5194000ff0 Exception <a 'sun/nio/fs/UnixException'{0x00000000f5cdbbc8}> (0x00000000f5cdbbc8) 
thrown [src/hotspot/share/prims/jni.cpp, line 516]
Event: 34.820 Thread 0x00007f5194000ff0 Exception <a 'sun/nio/fs/UnixException'{0x00000000f55ffa20}> (0x00000000f55ffa20) 
thrown [src/hotspot/share/prims/jni.cpp, line 516]
Event: 35.052 Thread 0x00007f5194000ff0 Exception <a 'java/lang/NoSuchMethodError'{0x00000000f589bbc0}: 'int java.lang.invoke.DirectMethodHandle$Holder.invokeVirtual(java.lang.Object, java.lang.Object)'> (0x00000000f589bbc0) 
thrown [src/hotspot/share/interpreter/linkResolver.cpp, line 758]
Event: 35.252 Thread 0x00007f5194000ff0 Implicit null exception at 0x00007f52170cdc69 to 0x00007f52170cde1b
Event: 35.601 Thread 0x00007f5194000ff0 Exception <a 'java/lang/NoSuchMethodError'{0x00000000f55de808}: 'int java.lang.invoke.DirectMethodHandle$Holder.invokeVirtual(java.lang.Object, java.lang.Object, java.lang.Object)'> (0x00000000f55de808) 
thrown [src/hotspot/share/interpreter/linkResolver.cpp, line 758]
Event: 36.427 Thread 0x00007f519016ed30 Exception <a 'java/lang/NoSuchMethodError'{0x00000000f5bba048}: 'int java.lang.invoke.DirectMethodHandle$Holder.invokeStatic(java.lang.Object, java.lang.Object, java.lang.Object, int)'> (0x00000000f5bba048) 
thrown [src/hotspot/share/interpreter/linkResolver.cpp, line 758]
Event: 36.435 Thread 0x00007f519016e0d0 Exception <a 'java/lang/NoSuchMethodError'{0x00000000f5bc7fa8}: 'int java.lang.invoke.DirectMethodHandle$Holder.invokeStatic(java.lang.Object, java.lang.Object, java.lang.Object, int)'> (0x00000000f5bc7fa8) 
thrown [src/hotspot/share/interpreter/linkResolver.cpp, line 758]
Event: 36.719 Thread 0x00007f5194000ff0 Exception <a 'sun/nio/fs/UnixException'{0x00000000f5d2a9f8}> (0x00000000f5d2a9f8) 
thrown [src/hotspot/share/prims/jni.cpp, line 516]
Event: 36.771 Thread 0x00007f519016ed30 Implicit null exception at 0x00007f52170c87bf to 0x00007f52170c8903
Event: 37.810 Thread 0x00007f5194000ff0 Exception <a 'sun/nio/fs/UnixException'{0x00000000f5e41568}> (0x00000000f5e41568) 
thrown [src/hotspot/share/prims/jni.cpp, line 516]
Event: 37.972 Thread 0x00007f5194000ff0 Exception <a 'sun/nio/fs/UnixException'{0x00000000f56395e0}> (0x00000000f56395e0) 
thrown [src/hotspot/share/prims/jni.cpp, line 516]
Event: 50.880 Thread 0x00007f51c047f0d0 Implicit null exception at 0x00007f521716eeb5 to 0x00007f521716f3e1
Event: 60.067 Thread 0x00007f51c047f0d0 Implicit null exception at 0x00007f52171a2f02 to 0x00007f52171a6c9c
Event: 871.525 Thread 0x00007f52284e4310 Exception <a 'java/lang/OutOfMemoryError'{0x00000000e0003e08}> (0x00000000e0003e08) 
thrown [src/hotspot/share/gc/shared/memAllocator.cpp, line 136]
Event: 889.433 Thread 0x00007f519018dfc0 Exception <a 'java/lang/OutOfMemoryError'{0x00000000e00040d8}> (0x00000000e00040d8) 
thrown [src/hotspot/share/gc/shared/memAllocator.cpp, line 136]
Event: 935.621 Thread 0x00007f519018d210 Exception <a 'java/lang/OutOfMemoryError'{0x00000000e00046c8}> (0x00000000e00046c8) 
thrown [src/hotspot/share/gc/shared/memAllocator.cpp, line 136]
Event: 1102.239 Thread 0x00007f5190175d00 Exception <a 'java/lang/OutOfMemoryError'{0x00000000e00043a8}> (0x00000000e00043a8) 
thrown [src/hotspot/share/gc/shared/memAllocator.cpp, line 138]
Event: 1102.239 Thread 0x00007f5190175d00 Implicit null exception at 0x00007f52172300bb to 0x00007f521723013c
Event: 1104.938 Thread 0x00007f5190175d00 Exception <a 'java/lang/OutOfMemoryError'{0x00000000e00046c8}> (0x00000000e00046c8) 
thrown [src/hotspot/share/gc/shared/memAllocator.cpp, line 136]
Event: 1582.827 Thread 0x00007f52280b21d0 Exception <a 'java/lang/OutOfMemoryError'{0x00000000e00046c8}> (0x00000000e00046c8) 
thrown [src/hotspot/share/gc/shared/memAllocator.cpp, line 136]

VM Operations (20 events):
Event: 1564.894 Executing VM operation: ParallelGCFailedAllocation
Event: 1567.621 Executing VM operation: ParallelGCFailedAllocation done
Event: 1567.621 Executing VM operation: ParallelGCFailedAllocation
Event: 1568.940 Executing VM operation: ParallelGCFailedAllocation done
Event: 1568.941 Executing VM operation: ParallelGCFailedAllocation
Event: 1570.334 Executing VM operation: ParallelGCFailedAllocation done
Event: 1570.334 Executing VM operation: ParallelGCFailedAllocation
Event: 1571.663 Executing VM operation: ParallelGCFailedAllocation done
Event: 1571.663 Executing VM operation: ParallelGCFailedAllocation
Event: 1573.042 Executing VM operation: ParallelGCFailedAllocation done
Event: 1573.043 Executing VM operation: ParallelGCFailedAllocation
Event: 1574.554 Executing VM operation: ParallelGCFailedAllocation done
Event: 1574.554 Executing VM operation: ParallelGCFailedAllocation
Event: 1575.926 Executing VM operation: ParallelGCFailedAllocation done
Event: 1575.926 Executing VM operation: ParallelGCFailedAllocation
Event: 1577.324 Executing VM operation: ParallelGCFailedAllocation done
Event: 1577.324 Executing VM operation: ParallelGCFailedAllocation
Event: 1580.141 Executing VM operation: ParallelGCFailedAllocation done
Event: 1580.147 Executing VM operation: ParallelGCFailedAllocation
Event: 1582.827 Executing VM operation: ParallelGCFailedAllocation done

Events (20 events):
Event: 1346.513 Thread 0x00007f52280b4b30 flushing nmethod 0x00007f52108ac390
Event: 1346.513 Thread 0x00007f52280b4b30 flushing nmethod 0x00007f52108acc90
Event: 1346.513 Thread 0x00007f52280b4b30 flushing nmethod 0x00007f52108b0a10
Event: 1346.513 Thread 0x00007f52280b4b30 flushing nmethod 0x00007f52108b0d90
Event: 1346.513 Thread 0x00007f52280b4b30 flushing nmethod 0x00007f52108b5290
Event: 1346.513 Thread 0x00007f52280b4b30 flushing nmethod 0x00007f52108b7110
Event: 1346.513 Thread 0x00007f52280b4b30 flushing nmethod 0x00007f52108b8010
Event: 1346.513 Thread 0x00007f52280b4b30 flushing nmethod 0x00007f52108b8d10
Event: 1346.513 Thread 0x00007f52280b4b30 flushing nmethod 0x00007f52108b9590
Event: 1346.513 Thread 0x00007f52280b4b30 flushing nmethod 0x00007f52108bb910
Event: 1346.513 Thread 0x00007f52280b4b30 flushing nmethod 0x00007f52108d2310
Event: 1346.513 Thread 0x00007f52280b4b30 flushing nmethod 0x00007f5210914990
Event: 1346.513 Thread 0x00007f52280b4b30 flushing nmethod 0x00007f5210914c90
Event: 1346.513 Thread 0x00007f52280b4b30 flushing nmethod 0x00007f521094fd90
Event: 1346.513 Thread 0x00007f52280b4b30 flushing nmethod 0x00007f521097d790
Event: 1346.513 Thread 0x00007f52280b4b30 flushing nmethod 0x00007f52109a5910
Event: 1346.513 Thread 0x00007f52280b4b30 flushing nmethod 0x00007f52109a9010
Event: 1346.513 Thread 0x00007f52280b4b30 flushing nmethod 0x00007f52109ba210
Event: 1346.513 Thread 0x00007f52280b4b30 flushing nmethod 0x00007f52109c1210
Event: 1346.513 Thread 0x00007f52280b4b30 flushing nmethod 0x00007f52109dac10


Dynamic libraries:
e0000000-f5580000 rw-p 00000000 00:00 0 
f5580000-fa100000 rw-p 00000000 00:00 0 
fa100000-100000000 ---p 00000000 00:00 0 
800000000-800449000 rw-p 00001000 00:102e 4611686019135357769            /nix/store/gpxl5qgg8kicmcvivwmybwjlpf7wh20l-graalvm17-ce-22.3.0/lib/server/classes.jsa
800449000-800bc8000 r--p 0044a000 00:102e 4611686019135357769            /nix/store/gpxl5qgg8kicmcvivwmybwjlpf7wh20l-graalvm17-ce-22.3.0/lib/server/classes.jsa
800bc8000-800c00000 ---p 00000000 00:00 0 
800c00000-800c20000 rw-p 00000000 00:00 0 
800c20000-800c40000 rw-p 00000000 00:00 0 
800c40000-800cc0000 rw-p 00000000 00:00 0 
800cc0000-800d00000 rw-p 00000000 00:00 0 
800d00000-800dc0000 rw-p 00000000 00:00 0 
800dc0000-800e00000 rw-p 00000000 00:00 0 
800e00000-800f40000 rw-p 00000000 00:00 0 
800f40000-800fc0000 rw-p 00000000 00:00 0 
800fc0000-801000000 rw-p 00000000 00:00 0 
801000000-8011a0000 rw-p 00000000 00:00 0 
8011a0000-840c00000 ---p 00000000 00:00 0 
55c254508000-55c254509000 r-xp 00000000 00:102e 4611686019099417844      /nix/store/gpxl5qgg8kicmcvivwmybwjlpf7wh20l-graalvm17-ce-22.3.0/bin/.java-wrapped
55c25450a000-55c25450b000 r--p 00001000 00:102e 4611686019099417844      /nix/store/gpxl5qgg8kicmcvivwmybwjlpf7wh20l-graalvm17-ce-22.3.0/bin/.java-wrapped
55c25450b000-55c25450c000 rw-p 00002000 00:102e 4611686019099417844      /nix/store/gpxl5qgg8kicmcvivwmybwjlpf7wh20l-graalvm17-ce-22.3.0/bin/.java-wrapped
55c25450c000-55c25450d000 rw-p 00004000 00:102e 4611686019099417844      /nix/store/gpxl5qgg8kicmcvivwmybwjlpf7wh20l-graalvm17-ce-22.3.0/bin/.java-wrapped
55c25450d000-55c25450e000 rw-p 00005000 00:102e 4611686019099417844      /nix/store/gpxl5qgg8kicmcvivwmybwjlpf7wh20l-graalvm17-ce-22.3.0/bin/.java-wrapped
55c25591d000-55c255965000 rw-p 00000000 00:00 0                          [heap]
7f5140000000-7f5140021000 rw-p 00000000 00:00 0 
7f5140021000-7f5144000000 ---p 00000000 00:00 0 
7f5144000000-7f5144021000 rw-p 00000000 00:00 0 
7f5144021000-7f5148000000 ---p 00000000 00:00 0 
7f5148000000-7f5148021000 rw-p 00000000 00:00 0 
7f5148021000-7f514c000000 ---p 00000000 00:00 0 
7f514c000000-7f514c021000 rw-p 00000000 00:00 0 
7f514c021000-7f5150000000 ---p 00000000 00:00 0 
7f5150000000-7f515002b000 rw-p 00000000 00:00 0 
7f515002b000-7f5154000000 ---p 00000000 00:00 0 
7f5154000000-7f5154021000 rw-p 00000000 00:00 0 
7f5154021000-7f5158000000 ---p 00000000 00:00 0 
7f5158000000-7f5158021000 rw-p 00000000 00:00 0 
7f5158021000-7f515c000000 ---p 00000000 00:00 0 
7f515c000000-7f515c021000 rw-p 00000000 00:00 0 
7f515c021000-7f5160000000 ---p 00000000 00:00 0 
7f5160000000-7f5160021000 rw-p 00000000 00:00 0 
7f5160021000-7f5164000000 ---p 00000000 00:00 0 
7f5164000000-7f5164021000 rw-p 00000000 00:00 0 
7f5164021000-7f5168000000 ---p 00000000 00:00 0 
7f5168000000-7f5168021000 rw-p 00000000 00:00 0 
7f5168021000-7f516c000000 ---p 00000000 00:00 0 
7f516c000000-7f516c021000 rw-p 00000000 00:00 0 
7f516c021000-7f5170000000 ---p 00000000 00:00 0 
7f5170000000-7f517003b000 rw-p 00000000 00:00 0 
7f517003b000-7f5174000000 ---p 00000000 00:00 0 
7f5174000000-7f5174046000 rw-p 00000000 00:00 0 
7f5174046000-7f5178000000 ---p 00000000 00:00 0 
7f5178000000-7f51780ab000 rw-p 00000000 00:00 0 
7f51780ab000-7f517c000000 ---p 00000000 00:00 0 
7f517dc00000-7f517ddb0000 rw-p 00000000 00:00 0 
7f517ddb0000-7f517e400000 ---p 00000000 00:00 0 
7f517e4b3000-7f5188000000 r--s 00000000 00:102e 4611686019135192581      /nix/store/gpxl5qgg8kicmcvivwmybwjlpf7wh20l-graalvm17-ce-22.3.0/lib/modules
7f5188000000-7f518808e000 rw-p 00000000 00:00 0 
7f518808e000-7f518c000000 ---p 00000000 00:00 0 
7f518c000000-7f518c09e000 rw-p 00000000 00:00 0 
7f518c09e000-7f5190000000 ---p 00000000 00:00 0 
7f5190000000-7f51901a4000 rw-p 00000000 00:00 0 
7f51901a4000-7f5194000000 ---p 00000000 00:00 0 
7f5194000000-7f51940f3000 rw-p 00000000 00:00 0 
7f51940f3000-7f5198000000 ---p 00000000 00:00 0 
7f5198000000-7f5198021000 rw-p 00000000 00:00 0 
7f5198021000-7f519c000000 ---p 00000000 00:00 0 
7f519c000000-7f519c105000 rw-p 00000000 00:00 0 
7f519c105000-7f51a0000000 ---p 00000000 00:00 0 
7f51a0000000-7f51a005b000 rw-p 00000000 00:00 0 
7f51a005b000-7f51a4000000 ---p 00000000 00:00 0 
7f51a4000000-7f51a4021000 rw-p 00000000 00:00 0 
7f51a4021000-7f51a8000000 ---p 00000000 00:00 0 
7f51a8000000-7f51a808f000 rw-p 00000000 00:00 0 
7f51a808f000-7f51ac000000 ---p 00000000 00:00 0 
7f51ac000000-7f51ac2e0000 rw-p 00000000 00:00 0 
7f51ac2e0000-7f51b0000000 ---p 00000000 00:00 0 
7f51b0000000-7f51b004e000 rw-p 00000000 00:00 0 
7f51b004e000-7f51b4000000 ---p 00000000 00:00 0 
7f51b4000000-7f51b4021000 rw-p 00000000 00:00 0 
7f51b4021000-7f51b8000000 ---p 00000000 00:00 0 
7f51b8000000-7f51b8021000 rw-p 00000000 00:00 0 
7f51b8021000-7f51bc000000 ---p 00000000 00:00 0 
7f51bc200000-7f51bc300000 ---p 00000000 00:00 0 
7f51bc300000-7f51bc8af000 r--p 01122000 00:102e 4611686019135190040      /nix/store/gpxl5qgg8kicmcvivwmybwjlpf7wh20l-graalvm17-ce-22.3.0/lib/libjvmcicompiler.so
7f51bc8af000-7f51bca00000 r--p 00000000 00:00 0 
7f51bca00000-7f51bca3d000 rw-p 00000000 00:00 0 
7f51bca3d000-7f51bcf5d000 rw-p 0185f000 00:102e 4611686019135190040      /nix/store/gpxl5qgg8kicmcvivwmybwjlpf7wh20l-graalvm17-ce-22.3.0/lib/libjvmcicompiler.so
7f51bcf5d000-7f51bd344000 r--p 01d7f000 00:102e 4611686019135190040      /nix/store/gpxl5qgg8kicmcvivwmybwjlpf7wh20l-graalvm17-ce-22.3.0/lib/libjvmcicompiler.so
7f51bd400000-7f51bd4c0000 rw-p 00000000 00:00 0 
7f51bd4c0000-7f51bdc00000 rw-p 00000000 00:00 0 
7f51bdc00000-7f51be100000 rw-p 00000000 00:00 0 
7f51be100000-7f51be200000 rw-p 00000000 00:00 0 
7f51be200000-7f51be400000 rw-p 00000000 00:00 0 
7f51be400000-7f51be4c0000 rw-p 00000000 00:00 0 
7f51be4c0000-7f51be500000 rw-p 00000000 00:00 0 
7f51be500000-7f51be700000 rw-p 00000000 00:00 0 
7f51be700000-7f51be900000 rw-p 00000000 00:00 0 
7f51be900000-7f51bea00000 rw-p 00000000 00:00 0 
7f51bea00000-7f51beb80000 rw-p 00000000 00:00 0 
7f51beb80000-7f51bec00000 rw-p 00000000 00:00 0 
7f51bec00000-7f51bed00000 rw-p 00000000 00:00 0 
7f51bed00000-7f51bee00000 rw-p 00000000 00:00 0 
7f51bee00000-7f51bf380000 rw-p 00000000 00:00 0 
7f51bf380000-7f51bf400000 rw-p 00000000 00:00 0 
7f51bf400000-7f51bf500000 rw-p 00000000 00:00 0 
7f51bf500000-7f51bf600000 rw-p 00000000 00:00 0 
7f51bf600000-7f51bf900000 rw-p 00000000 00:00 0 
7f51bf900000-7f51bfa00000 rw-p 00000000 00:00 0 
7f51bfa00000-7f51bfc00000 rw-p 00000000 00:00 0 
7f51bfc00000-7f51bfc10000 r-xp 00000000 00:102b 353                      /home/runner/.cache/jdt-language-server/config/org.eclipse.equinox.launcher/org.eclipse.equinox.launcher.gtk.linux.x86_64_1.2.400.v20211117-0650/eclipse_11600.so
7f51bfc10000-7f51bfe0f000 ---p 00010000 00:102b 353                      /home/runner/.cache/jdt-language-server/config/org.eclipse.equinox.launcher/org.eclipse.equinox.launcher.gtk.linux.x86_64_1.2.400.v20211117-0650/eclipse_11600.so
7f51bfe0f000-7f51bfe10000 r--p 0000f000 00:102b 353                      /home/runner/.cache/jdt-language-server/config/org.eclipse.equinox.launcher/org.eclipse.equinox.launcher.gtk.linux.x86_64_1.2.400.v20211117-0650/eclipse_11600.so
7f51bfe10000-7f51bfe11000 rw-p 00010000 00:102b 353                      /home/runner/.cache/jdt-language-server/config/org.eclipse.equinox.launcher/org.eclipse.equinox.launcher.gtk.linux.x86_64_1.2.400.v20211117-0650/eclipse_11600.so
7f51c0000000-7f51c08b9000 rw-p 00000000 00:00 0 
7f51c08b9000-7f51c4000000 ---p 00000000 00:00 0 
7f51c4000000-7f51c4025000 rw-p 00000000 00:00 0 
7f51c4025000-7f51c8000000 ---p 00000000 00:00 0 
7f51c8000000-7f51c8021000 rw-p 00000000 00:00 0 
7f51c8021000-7f51cc000000 ---p 00000000 00:00 0 
7f51cc000000-7f51cc021000 rw-p 00000000 00:00 0 
7f51cc021000-7f51d0000000 ---p 00000000 00:00 0 
7f51d0000000-7f51d0022000 rw-p 00000000 00:00 0 
7f51d0022000-7f51d4000000 ---p 00000000 00:00 0 
7f51d5100000-7f51d5104000 ---p 00000000 00:00 0 
7f51d5104000-7f51d5200000 rw-p 00000000 00:00 0 
7f51d5300000-7f51d5304000 ---p 00000000 00:00 0 
7f51d5304000-7f51d5400000 rw-p 00000000 00:00 0 
7f51d5500000-7f51d5504000 ---p 00000000 00:00 0 
7f51d5504000-7f51d5600000 rw-p 00000000 00:00 0 
7f51d5700000-7f51d5704000 ---p 00000000 00:00 0 
7f51d5704000-7f51d5800000 rw-p 00000000 00:00 0 
7f51d5900000-7f51d5904000 ---p 00000000 00:00 0 
7f51d5904000-7f51d5a00000 rw-p 00000000 00:00 0 
7f51d5b00000-7f51d5b04000 ---p 00000000 00:00 0 
7f51d5b04000-7f51d5c00000 rw-p 00000000 00:00 0 
7f51d5d00000-7f51d5d04000 ---p 00000000 00:00 0 
7f51d5d04000-7f51d5e00000 rw-p 00000000 00:00 0 
7f51d5f00000-7f51d5f04000 ---p 00000000 00:00 0 
7f51d5f04000-7f51d6000000 rw-p 00000000 00:00 0 
7f51d6100000-7f51d6104000 ---p 00000000 00:00 0 
7f51d6104000-7f51d6200000 rw-p 00000000 00:00 0 
7f51d6300000-7f51d6304000 ---p 00000000 00:00 0 
7f51d6304000-7f51d6400000 rw-p 00000000 00:00 0 
7f51d6500000-7f51d6504000 ---p 00000000 00:00 0 
7f51d6504000-7f51d6600000 rw-p 00000000 00:00 0 
7f51d6800000-7f51d6804000 ---p 00000000 00:00 0 
7f51d6804000-7f51d6900000 rw-p 00000000 00:00 0 
7f51d6900000-7f51d6904000 ---p 00000000 00:00 0 
7f51d6904000-7f51d6a00000 rw-p 00000000 00:00 0 
7f51d6a00000-7f51d6a04000 ---p 00000000 00:00 0 
7f51d6a04000-7f51d6b00000 rw-p 00000000 00:00 0 
7f51d6b00000-7f51d6b04000 ---p 00000000 00:00 0 
7f51d6b04000-7f51d6c00000 rw-p 00000000 00:00 0 
7f51d6d00000-7f51d6d04000 ---p 00000000 00:00 0 
7f51d6d04000-7f51d6e00000 rw-p 00000000 00:00 0 
7f51d7a68000-7f51d7f00000 rw-p 00000000 00:00 0 
7f51d8000000-7f51d8021000 rw-p 00000000 00:00 0 
7f51d8021000-7f51dc000000 ---p 00000000 00:00 0 
7f51dc000000-7f51dc021000 rw-p 00000000 00:00 0 
7f51dc021000-7f51e0000000 ---p 00000000 00:00 0 
7f51e0000000-7f51e0021000 rw-p 00000000 00:00 0 
7f51e0021000-7f51e4000000 ---p 00000000 00:00 0 
7f51e4000000-7f51e4021000 rw-p 00000000 00:00 0 
7f51e4021000-7f51e8000000 ---p 00000000 00:00 0 
7f51e8000000-7f51e80e1000 rw-p 00000000 00:00 0 
7f51e80e1000-7f51ec000000 ---p 00000000 00:00 0 
7f51ec000000-7f51ecb52000 rw-p 00000000 00:00 0 
7f51ecb52000-7f51f0000000 ---p 00000000 00:00 0 
7f51f0000000-7f51f0021000 rw-p 00000000 00:00 0 
7f51f0021000-7f51f4000000 ---p 00000000 00:00 0 
7f51f4000000-7f51f4021000 rw-p 00000000 00:00 0 
7f51f4021000-7f51f8000000 ---p 00000000 00:00 0 
7f51f8000000-7f51f8021000 rw-p 00000000 00:00 0 
7f51f8021000-7f51fc000000 ---p 00000000 00:00 0 
7f51fc000000-7f51fc021000 rw-p 00000000 00:00 0 
7f51fc021000-7f5200000000 ---p 00000000 00:00 0 
7f5200000000-7f5200021000 rw-p 00000000 00:00 0 
7f5200021000-7f5204000000 ---p 00000000 00:00 0 
7f5204000000-7f5204021000 rw-p 00000000 00:00 0 
7f5204021000-7f5208000000 ---p 00000000 00:00 0 
7f5208000000-7f5208099000 rw-p 00000000 00:00 0 
7f5208099000-7f520c000000 ---p 00000000 00:00 0 
7f520c100000-7f520c104000 ---p 00000000 00:00 0 
7f520c104000-7f520c200000 rw-p 00000000 00:00 0 
7f520c300000-7f520c304000 ---p 00000000 00:00 0 
7f520c304000-7f520c400000 rw-p 00000000 00:00 0 
7f520c400000-7f520c404000 ---p 00000000 00:00 0 
7f520c404000-7f520c500000 rw-p 00000000 00:00 0 
7f520c500000-7f520c504000 ---p 00000000 00:00 0 
7f520c504000-7f520c600000 rw-p 00000000 00:00 0 
7f520c600000-7f520c604000 ---p 00000000 00:00 0 
7f520c604000-7f520c700000 rw-p 00000000 00:00 0 
7f520c700000-7f520c704000 ---p 00000000 00:00 0 
7f520c704000-7f520c800000 rw-p 00000000 00:00 0 
7f520c800000-7f520c804000 ---p 00000000 00:00 0 
7f520c804000-7f520c900000 rw-p 00000000 00:00 0 
7f520c900000-7f520c904000 ---p 00000000 00:00 0 
7f520c904000-7f520ca00000 rw-p 00000000 00:00 0 
7f520cb00000-7f520cb04000 ---p 00000000 00:00 0 
7f520cb04000-7f520cc00000 rw-p 00000000 00:00 0 
7f520cc00000-7f520cc04000 ---p 00000000 00:00 0 
7f520cc04000-7f520cd00000 rw-p 00000000 00:00 0 
7f520cd00000-7f520cd04000 ---p 00000000 00:00 0 
7f520cd04000-7f520ce00000 rw-p 00000000 00:00 0 
7f520cf00000-7f520cf04000 ---p 00000000 00:00 0 
7f520cf04000-7f520d000000 rw-p 00000000 00:00 0 
7f520d000000-7f520f16a000 r-xp 00000000 00:102e 4611686019135190040      /nix/store/gpxl5qgg8kicmcvivwmybwjlpf7wh20l-graalvm17-ce-22.3.0/lib/libjvmcicompiler.so
7f520f16a000-7f520f369000 ---p 0216a000 00:102e 4611686019135190040      /nix/store/gpxl5qgg8kicmcvivwmybwjlpf7wh20l-graalvm17-ce-22.3.0/lib/libjvmcicompiler.so
7f520f369000-7f520f36a000 r--p 02169000 00:102e 4611686019135190040      /nix/store/gpxl5qgg8kicmcvivwmybwjlpf7wh20l-graalvm17-ce-22.3.0/lib/libjvmcicompiler.so
7f520f36a000-7f520f36c000 rw-p 0216a000 00:102e 4611686019135190040      /nix/store/gpxl5qgg8kicmcvivwmybwjlpf7wh20l-graalvm17-ce-22.3.0/lib/libjvmcicompiler.so
7f520f36c000-7f520f36d000 rw-p 00000000 00:00 0 
7f520f36d000-7f520f372000 rw-p 023c3000 00:102e 4611686019135190040      /nix/store/gpxl5qgg8kicmcvivwmybwjlpf7wh20l-graalvm17-ce-22.3.0/lib/libjvmcicompiler.so
7f520f3b3000-7f520f3b7000 ---p 00000000 00:00 0 
7f520f3b7000-7f520f4b3000 rw-p 00000000 00:00 0 
7f520f4b3000-7f520f723000 rwxp 00000000 00:00 0 
7f520f723000-7f520fa42000 ---p 00000000 00:00 0 
7f520fa42000-7f5210a92000 rwxp 00000000 00:00 0 
7f5210a92000-7f5216f7a000 ---p 00000000 00:00 0 
7f5216f7a000-7f521724a000 rwxp 00000000 00:00 0 
7f521724a000-7f521e4b3000 ---p 00000000 00:00 0 
7f521e4b3000-7f5228000000 r--s 00000000 00:102e 4611686019135192581      /nix/store/gpxl5qgg8kicmcvivwmybwjlpf7wh20l-graalvm17-ce-22.3.0/lib/modules
7f5228000000-7f5228672000 rw-p 00000000 00:00 0 
7f5228672000-7f522c000000 ---p 00000000 00:00 0 
7f522c000000-7f522c004000 ---p 00000000 00:00 0 
7f522c004000-7f522c100000 rw-p 00000000 00:00 0 
7f522c100000-7f522c104000 ---p 00000000 00:00 0 
7f522c104000-7f522c200000 rw-p 00000000 00:00 0 
7f522c300000-7f522c304000 ---p 00000000 00:00 0 
7f522c304000-7f522c400000 rw-p 00000000 00:00 0 
7f522c400000-7f522c404000 ---p 00000000 00:00 0 
7f522c404000-7f522c500000 rw-p 00000000 00:00 0 
7f522c500000-7f522c504000 ---p 00000000 00:00 0 
7f522c504000-7f522c600000 rw-p 00000000 00:00 0 
7f522c716000-7f522c717000 ---p 00000000 00:00 0 
7f522c717000-7f522c818000 rw-p 00000000 00:00 0 
7f522c818000-7f522c81c000 ---p 00000000 00:00 0 
7f522c81c000-7f522c918000 rw-p 00000000 00:00 0 
7f522c918000-7f522c91c000 ---p 00000000 00:00 0 
7f522c91c000-7f522ca18000 rw-p 00000000 00:00 0 
7f522ca18000-7f522ca1c000 ---p 00000000 00:00 0 
7f522ca1c000-7f522cb18000 rw-p 00000000 00:00 0 
7f522cb18000-7f522cb1c000 ---p 00000000 00:00 0 
7f522cb1c000-7f522cd18000 rw-p 00000000 00:00 0 
7f522cd18000-7f522cd1c000 ---p 00000000 00:00 0 
7f522cd1c000-7f522cf18000 rw-p 00000000 00:00 0 
7f522cf18000-7f522cf1c000 ---p 00000000 00:00 0 
7f522cf1c000-7f522d018000 rw-p 00000000 00:00 0 
7f522d018000-7f522d01c000 ---p 00000000 00:00 0 
7f522d01c000-7f522d118000 rw-p 00000000 00:00 0 
7f522d118000-7f522d11c000 ---p 00000000 00:00 0 
7f522d11c000-7f522d218000 rw-p 00000000 00:00 0 
7f522d218000-7f522d4fe000 r--p 00000000 00:1010 28444448                 /usr/lib/locale/locale-archive
7f522d4fe000-7f522d502000 ---p 00000000 00:00 0 
7f522d502000-7f522d5fe000 rw-p 00000000 00:00 0 
7f522d5fe000-7f522d602000 ---p 00000000 00:00 0 
7f522d602000-7f522d6fe000 rw-p 00000000 00:00 0 
7f522d6fe000-7f522d6ff000 ---p 00000000 00:00 0 
7f522d6ff000-7f522dc00000 rw-p 00000000 00:00 0 
7f522dc00000-7f522df00000 rw-p 00000000 00:00 0 
7f522df00000-7f522e000000 rw-p 00000000 00:00 0 
7f522e006000-7f522e008000 r-xp 00000000 00:102e 4611686019135190017      /nix/store/gpxl5qgg8kicmcvivwmybwjlpf7wh20l-graalvm17-ce-22.3.0/lib/libextnet.so
7f522e008000-7f522e009000 r--p 00001000 00:102e 4611686019135190017      /nix/store/gpxl5qgg8kicmcvivwmybwjlpf7wh20l-graalvm17-ce-22.3.0/lib/libextnet.so
7f522e009000-7f522e00a000 rw-p 00002000 00:102e 4611686019135190017      /nix/store/gpxl5qgg8kicmcvivwmybwjlpf7wh20l-graalvm17-ce-22.3.0/lib/libextnet.so
7f522e00a000-7f522e00b000 rw-p 00004000 00:102e 4611686019135190017      /nix/store/gpxl5qgg8kicmcvivwmybwjlpf7wh20l-graalvm17-ce-22.3.0/lib/libextnet.so
7f522e00b000-7f522e00f000 ---p 00000000 00:00 0 
7f522e00f000-7f522e02d000 rw-p 00000000 00:00 0 
7f522e02d000-7f522e034000 r-xp 00000000 00:102e 4611686019135192580      /nix/store/gpxl5qgg8kicmcvivwmybwjlpf7wh20l-graalvm17-ce-22.3.0/lib/libzip.so
7f522e034000-7f522e035000 ---p 00007000 00:102e 4611686019135192580      /nix/store/gpxl5qgg8kicmcvivwmybwjlpf7wh20l-graalvm17-ce-22.3.0/lib/libzip.so
7f522e035000-7f522e036000 r--p 00007000 00:102e 4611686019135192580      /nix/store/gpxl5qgg8kicmcvivwmybwjlpf7wh20l-graalvm17-ce-22.3.0/lib/libzip.so
7f522e036000-7f522e037000 rw-p 00008000 00:102e 4611686019135192580      /nix/store/gpxl5qgg8kicmcvivwmybwjlpf7wh20l-graalvm17-ce-22.3.0/lib/libzip.so
7f522e037000-7f522e039000 rw-p 0000b000 00:102e 4611686019135192580      /nix/store/gpxl5qgg8kicmcvivwmybwjlpf7wh20l-graalvm17-ce-22.3.0/lib/libzip.so
7f522e039000-7f522e04e000 r-xp 00000000 00:102e 4611686019135192570      /nix/store/gpxl5qgg8kicmcvivwmybwjlpf7wh20l-graalvm17-ce-22.3.0/lib/libnet.so
7f522e04e000-7f522e04f000 ---p 00015000 00:102e 4611686019135192570      /nix/store/gpxl5qgg8kicmcvivwmybwjlpf7wh20l-graalvm17-ce-22.3.0/lib/libnet.so
7f522e04f000-7f522e050000 r--p 00015000 00:102e 4611686019135192570      /nix/store/gpxl5qgg8kicmcvivwmybwjlpf7wh20l-graalvm17-ce-22.3.0/lib/libnet.so
7f522e050000-7f522e051000 rw-p 00016000 00:102e 4611686019135192570      /nix/store/gpxl5qgg8kicmcvivwmybwjlpf7wh20l-graalvm17-ce-22.3.0/lib/libnet.so
7f522e051000-7f522e054000 rw-p 0001b000 00:102e 4611686019135192570      /nix/store/gpxl5qgg8kicmcvivwmybwjlpf7wh20l-graalvm17-ce-22.3.0/lib/libnet.so
7f522e054000-7f522e067000 r-xp 00000000 00:102e 4611686019135192571      /nix/store/gpxl5qgg8kicmcvivwmybwjlpf7wh20l-graalvm17-ce-22.3.0/lib/libnio.so
7f522e067000-7f522e068000 r--p 00012000 00:102e 4611686019135192571      /nix/store/gpxl5qgg8kicmcvivwmybwjlpf7wh20l-graalvm17-ce-22.3.0/lib/libnio.so
7f522e068000-7f522e069000 rw-p 00013000 00:102e 4611686019135192571      /nix/store/gpxl5qgg8kicmcvivwmybwjlpf7wh20l-graalvm17-ce-22.3.0/lib/libnio.so
7f522e069000-7f522e06e000 rw-p 00019000 00:102e 4611686019135192571      /nix/store/gpxl5qgg8kicmcvivwmybwjlpf7wh20l-graalvm17-ce-22.3.0/lib/libnio.so
7f522e06e000-7f522e13c000 r-xp 00000000 00:102e 4611686019135190036      /nix/store/gpxl5qgg8kicmcvivwmybwjlpf7wh20l-graalvm17-ce-22.3.0/lib/libjsvml.so
7f522e13c000-7f522e13d000 r--p 000cd000 00:102e 4611686019135190036      /nix/store/gpxl5qgg8kicmcvivwmybwjlpf7wh20l-graalvm17-ce-22.3.0/lib/libjsvml.so
7f522e13d000-7f522e13e000 rw-p 000ce000 00:102e 4611686019135190036      /nix/store/gpxl5qgg8kicmcvivwmybwjlpf7wh20l-graalvm17-ce-22.3.0/lib/libjsvml.so
7f522e13e000-7f522fa16000 rw-p 00000000 00:00 0 
7f522fa16000-7f522fa17000 ---p 00000000 00:00 0 
7f522fa17000-7f522fbc2000 rw-p 00000000 00:00 0 
7f522fbc2000-7f522fbe9000 rw-p 00000000 00:00 0 
7f522fbe9000-7f522fc18000 ---p 00000000 00:00 0 
7f522fc18000-7f522fc1f000 rw-p 00000000 00:00 0 
7f522fc1f000-7f522fd04000 ---p 00000000 00:00 0 
7f522fd04000-7f522fd25000 rw-p 00000000 00:00 0 
7f522fd25000-7f522fdef000 ---p 00000000 00:00 0 
7f522fdef000-7f522fdf4000 rw-p 00000000 00:00 0 
7f522fdf4000-7f522fdfb000 ---p 00000000 00:00 0 
7f522fdfb000-7f522fe1f000 r-xp 00000000 00:102e 4611686019135190028      /nix/store/gpxl5qgg8kicmcvivwmybwjlpf7wh20l-graalvm17-ce-22.3.0/lib/libjava.so
7f522fe1f000-7f522fe20000 ---p 00024000 00:102e 4611686019135190028      /nix/store/gpxl5qgg8kicmcvivwmybwjlpf7wh20l-graalvm17-ce-22.3.0/lib/libjava.so
7f522fe20000-7f522fe21000 r--p 00024000 00:102e 4611686019135190028      /nix/store/gpxl5qgg8kicmcvivwmybwjlpf7wh20l-graalvm17-ce-22.3.0/lib/libjava.so
7f522fe21000-7f522fe22000 rw-p 00025000 00:102e 4611686019135190028      /nix/store/gpxl5qgg8kicmcvivwmybwjlpf7wh20l-graalvm17-ce-22.3.0/lib/libjava.so
7f522fe22000-7f522fe23000 rw-p 00000000 00:00 0 
7f522fe23000-7f522fe2a000 rw-p 0002f000 00:102e 4611686019135190028      /nix/store/gpxl5qgg8kicmcvivwmybwjlpf7wh20l-graalvm17-ce-22.3.0/lib/libjava.so
7f522fe2a000-7f522fe32000 rw-s 00000000 00:bb7 350                       /tmp/hsperfdata_runner/32
7f522fe32000-7f522fe33000 ---p 00000000 00:00 0 
7f522fe33000-7f522fe34000 r--p 00000000 00:00 0 
7f522fe34000-7f522fe35000 rwxp 00000000 00:00 0 
7f522fe35000-7f522fe50000 r-xp 00000000 00:102e 4611686019135190032      /nix/store/gpxl5qgg8kicmcvivwmybwjlpf7wh20l-graalvm17-ce-22.3.0/lib/libjimage.so
7f522fe50000-7f522fe51000 ---p 0001b000 00:102e 4611686019135190032      /nix/store/gpxl5qgg8kicmcvivwmybwjlpf7wh20l-graalvm17-ce-22.3.0/lib/libjimage.so
7f522fe51000-7f522fe53000 r--p 0001b000 00:102e 4611686019135190032      /nix/store/gpxl5qgg8kicmcvivwmybwjlpf7wh20l-graalvm17-ce-22.3.0/lib/libjimage.so
7f522fe53000-7f522fe54000 rw-p 0001d000 00:102e 4611686019135190032      /nix/store/gpxl5qgg8kicmcvivwmybwjlpf7wh20l-graalvm17-ce-22.3.0/lib/libjimage.so
7f522fe54000-7f522fe55000 rw-p 00024000 00:102e 4611686019135190032      /nix/store/gpxl5qgg8kicmcvivwmybwjlpf7wh20l-graalvm17-ce-22.3.0/lib/libjimage.so
7f522fe55000-7f522fe59000 ---p 00000000 00:00 0 
7f522fe59000-7f522ff55000 rw-p 00000000 00:00 0 
7f522ff55000-7f522ff63000 r--p 00000000 00:102e 4611686019027979927      /nix/store/4nlgxhb09sdr51nc9hdm8az5b08vzkgx-glibc-2.35-163/lib/libm.so.6
7f522ff63000-7f522ffd6000 r-xp 0000e000 00:102e 4611686019027979927      /nix/store/4nlgxhb09sdr51nc9hdm8az5b08vzkgx-glibc-2.35-163/lib/libm.so.6
7f522ffd6000-7f5230033000 r--p 00081000 00:102e 4611686019027979927      /nix/store/4nlgxhb09sdr51nc9hdm8az5b08vzkgx-glibc-2.35-163/lib/libm.so.6
7f5230033000-7f5230034000 r--p 000dd000 00:102e 4611686019027979927      /nix/store/4nlgxhb09sdr51nc9hdm8az5b08vzkgx-glibc-2.35-163/lib/libm.so.6
7f5230034000-7f5230035000 rw-p 000de000 00:102e 4611686019027979927      /nix/store/4nlgxhb09sdr51nc9hdm8az5b08vzkgx-glibc-2.35-163/lib/libm.so.6
7f5230035000-7f5230036000 r--p 00000000 00:102e 4611686019027979946      /nix/store/4nlgxhb09sdr51nc9hdm8az5b08vzkgx-glibc-2.35-163/lib/librt.so.1
7f5230036000-7f5230037000 r-xp 00001000 00:102e 4611686019027979946      /nix/store/4nlgxhb09sdr51nc9hdm8az5b08vzkgx-glibc-2.35-163/lib/librt.so.1
7f5230037000-7f5230038000 r--p 00002000 00:102e 4611686019027979946      /nix/store/4nlgxhb09sdr51nc9hdm8az5b08vzkgx-glibc-2.35-163/lib/librt.so.1
7f5230038000-7f5230039000 r--p 00002000 00:102e 4611686019027979946      /nix/store/4nlgxhb09sdr51nc9hdm8az5b08vzkgx-glibc-2.35-163/lib/librt.so.1
7f5230039000-7f523003a000 rw-p 00003000 00:102e 4611686019027979946      /nix/store/4nlgxhb09sdr51nc9hdm8az5b08vzkgx-glibc-2.35-163/lib/librt.so.1
7f523003a000-7f523114d000 r-xp 00000000 00:102e 4611686019135360866      /nix/store/gpxl5qgg8kicmcvivwmybwjlpf7wh20l-graalvm17-ce-22.3.0/lib/server/libjvm.so
7f523114d000-7f523114e000 ---p 01113000 00:102e 4611686019135360866      /nix/store/gpxl5qgg8kicmcvivwmybwjlpf7wh20l-graalvm17-ce-22.3.0/lib/server/libjvm.so
7f523114e000-7f5231203000 r--p 01113000 00:102e 4611686019135360866      /nix/store/gpxl5qgg8kicmcvivwmybwjlpf7wh20l-graalvm17-ce-22.3.0/lib/server/libjvm.so
7f5231203000-7f5231237000 rw-p 011c8000 00:102e 4611686019135360866      /nix/store/gpxl5qgg8kicmcvivwmybwjlpf7wh20l-graalvm17-ce-22.3.0/lib/server/libjvm.so
7f5231237000-7f5231293000 rw-p 00000000 00:00 0 
7f5231293000-7f52312bb000 r--p 00000000 00:102e 4611686019027979918      /nix/store/4nlgxhb09sdr51nc9hdm8az5b08vzkgx-glibc-2.35-163/lib/libc.so.6
7f52312bb000-7f5231431000 r-xp 00028000 00:102e 4611686019027979918      /nix/store/4nlgxhb09sdr51nc9hdm8az5b08vzkgx-glibc-2.35-163/lib/libc.so.6
7f5231431000-7f5231489000 r--p 0019e000 00:102e 4611686019027979918      /nix/store/4nlgxhb09sdr51nc9hdm8az5b08vzkgx-glibc-2.35-163/lib/libc.so.6
7f5231489000-7f523148d000 r--p 001f6000 00:102e 4611686019027979918      /nix/store/4nlgxhb09sdr51nc9hdm8az5b08vzkgx-glibc-2.35-163/lib/libc.so.6
7f523148d000-7f523148f000 rw-p 001fa000 00:102e 4611686019027979918      /nix/store/4nlgxhb09sdr51nc9hdm8az5b08vzkgx-glibc-2.35-163/lib/libc.so.6
7f523148f000-7f523149e000 rw-p 00000000 00:00 0 
7f523149e000-7f523149f000 r--p 00000000 00:102e 4611686019027979923      /nix/store/4nlgxhb09sdr51nc9hdm8az5b08vzkgx-glibc-2.35-163/lib/libdl.so.2
7f523149f000-7f52314a0000 r-xp 00001000 00:102e 4611686019027979923      /nix/store/4nlgxhb09sdr51nc9hdm8az5b08vzkgx-glibc-2.35-163/lib/libdl.so.2
7f52314a0000-7f52314a1000 r--p 00002000 00:102e 4611686019027979923      /nix/store/4nlgxhb09sdr51nc9hdm8az5b08vzkgx-glibc-2.35-163/lib/libdl.so.2
7f52314a1000-7f52314a2000 r--p 00002000 00:102e 4611686019027979923      /nix/store/4nlgxhb09sdr51nc9hdm8az5b08vzkgx-glibc-2.35-163/lib/libdl.so.2
7f52314a2000-7f52314a3000 rw-p 00003000 00:102e 4611686019027979923      /nix/store/4nlgxhb09sdr51nc9hdm8az5b08vzkgx-glibc-2.35-163/lib/libdl.so.2
7f52314a3000-7f52314a4000 r--p 00000000 00:102e 4611686019027979942      /nix/store/4nlgxhb09sdr51nc9hdm8az5b08vzkgx-glibc-2.35-163/lib/libpthread.so.0
7f52314a4000-7f52314a5000 r-xp 00001000 00:102e 4611686019027979942      /nix/store/4nlgxhb09sdr51nc9hdm8az5b08vzkgx-glibc-2.35-163/lib/libpthread.so.0
7f52314a5000-7f52314a6000 r--p 00002000 00:102e 4611686019027979942      /nix/store/4nlgxhb09sdr51nc9hdm8az5b08vzkgx-glibc-2.35-163/lib/libpthread.so.0
7f52314a6000-7f52314a7000 r--p 00002000 00:102e 4611686019027979942      /nix/store/4nlgxhb09sdr51nc9hdm8az5b08vzkgx-glibc-2.35-163/lib/libpthread.so.0
7f52314a7000-7f52314a8000 rw-p 00003000 00:102e 4611686019027979942      /nix/store/4nlgxhb09sdr51nc9hdm8az5b08vzkgx-glibc-2.35-163/lib/libpthread.so.0
7f52314a8000-7f52314b6000 r-xp 00000000 00:102e 4611686019135190033      /nix/store/gpxl5qgg8kicmcvivwmybwjlpf7wh20l-graalvm17-ce-22.3.0/lib/libjli.so
7f52314b6000-7f52314b7000 ---p 0000e000 00:102e 4611686019135190033      /nix/store/gpxl5qgg8kicmcvivwmybwjlpf7wh20l-graalvm17-ce-22.3.0/lib/libjli.so
7f52314b7000-7f52314b8000 r--p 0000e000 00:102e 4611686019135190033      /nix/store/gpxl5qgg8kicmcvivwmybwjlpf7wh20l-graalvm17-ce-22.3.0/lib/libjli.so
7f52314b8000-7f52314b9000 rw-p 0000f000 00:102e 4611686019135190033      /nix/store/gpxl5qgg8kicmcvivwmybwjlpf7wh20l-graalvm17-ce-22.3.0/lib/libjli.so
7f52314b9000-7f52314ba000 rw-p 00012000 00:102e 4611686019135190033      /nix/store/gpxl5qgg8kicmcvivwmybwjlpf7wh20l-graalvm17-ce-22.3.0/lib/libjli.so
7f52314ba000-7f52314bd000 r--p 00000000 00:102e 4611686019106210071      /nix/store/026hln0aq1hyshaxsdvhg0kmcm6yf45r-zlib-1.2.13/lib/libz.so.1.2.13
7f52314bd000-7f52314cf000 r-xp 00003000 00:102e 4611686019106210071      /nix/store/026hln0aq1hyshaxsdvhg0kmcm6yf45r-zlib-1.2.13/lib/libz.so.1.2.13
7f52314cf000-7f52314d6000 r--p 00015000 00:102e 4611686019106210071      /nix/store/026hln0aq1hyshaxsdvhg0kmcm6yf45r-zlib-1.2.13/lib/libz.so.1.2.13
7f52314d6000-7f52314d7000 r--p 0001b000 00:102e 4611686019106210071      /nix/store/026hln0aq1hyshaxsdvhg0kmcm6yf45r-zlib-1.2.13/lib/libz.so.1.2.13
7f52314d7000-7f52314d8000 rw-p 0001c000 00:102e 4611686019106210071      /nix/store/026hln0aq1hyshaxsdvhg0kmcm6yf45r-zlib-1.2.13/lib/libz.so.1.2.13
7f52314d8000-7f52314da000 rw-p 00000000 00:00 0 
7f52314da000-7f52314dc000 r--p 00000000 00:102e 4611686019027979912      /nix/store/4nlgxhb09sdr51nc9hdm8az5b08vzkgx-glibc-2.35-163/lib/ld-linux-x86-64.so.2
7f52314dc000-7f5231503000 r-xp 00002000 00:102e 4611686019027979912      /nix/store/4nlgxhb09sdr51nc9hdm8az5b08vzkgx-glibc-2.35-163/lib/ld-linux-x86-64.so.2
7f5231503000-7f523150f000 r--p 00029000 00:102e 4611686019027979912      /nix/store/4nlgxhb09sdr51nc9hdm8az5b08vzkgx-glibc-2.35-163/lib/ld-linux-x86-64.so.2
7f523150f000-7f5231511000 r--p 00034000 00:102e 4611686019027979912      /nix/store/4nlgxhb09sdr51nc9hdm8az5b08vzkgx-glibc-2.35-163/lib/ld-linux-x86-64.so.2
7f5231511000-7f5231513000 rw-p 00036000 00:102e 4611686019027979912      /nix/store/4nlgxhb09sdr51nc9hdm8az5b08vzkgx-glibc-2.35-163/lib/ld-linux-x86-64.so.2
7ffd2e780000-7ffd2e7a4000 rw-p 00000000 00:00 0                          [stack]
7ffd2e7a5000-7ffd2e7a9000 r--p 00000000 00:00 0                          [vvar]
7ffd2e7a9000-7ffd2e7ab000 r-xp 00000000 00:00 0                          [vdso]
ffffffffff600000-ffffffffff601000 --xp 00000000 00:00 0                  [vsyscall]


VM Arguments:
jvm_args: -XX:ThreadPriorityPolicy=1 -XX:+UnlockExperimentalVMOptions -XX:+EnableJVMCIProduct -XX:JVMCIThreadsPerNativeLibraryRuntime=1 -XX:-UnlockExperimentalVMOptions -Declipse.application=org.eclipse.jdt.ls.core.id1 -Dosgi.bundles.defaultStartLevel=4 -Declipse.product=org.eclipse.jdt.ls.core.product -Dlog.level=ALL -Xverify:none -XX:+UseParallelGC -XX:GCTimeRatio=4 -XX:AdaptiveSizePolicyWeight=90 -Dsun.zip.disableMemoryMapping=true -Xmx512m -Xms100m 
java_command: /nix/store/m6gcpi1ii6rghy04cjwjddcavv7i90df-jdt-language-server-1.9.0/share/java/plugins/org.eclipse.equinox.launcher_1.6.400.v20210924-0641.jar --add-modules=ALL-SYSTEM --add-opens java.base/java.util=ALL-UNNAMED --add-opens java.base/java.lang=ALL-UNNAMED -configuration /home/runner/.cache/jdt-language-server/config -data /home/runner/.cache/jdt-language-server/data/home/runner/dsware-api
java_class_path (initial): /nix/store/m6gcpi1ii6rghy04cjwjddcavv7i90df-jdt-language-server-1.9.0/share/java/plugins/org.eclipse.equinox.launcher_1.6.400.v20210924-0641.jar
Launcher Type: SUN_STANDARD

[Global flags]
    uintx AdaptiveSizePolicyWeight                 = 90                                        {product} {command line}
     intx CICompilerCount                          = 2                                         {product} {ergonomic}
     bool EnableJVMCIProduct                       = true                                {JVMCI product} {jimage}
    uintx GCTimeRatio                              = 4                                         {product} {command line}
   size_t InitialHeapSize                          = 104857600                                 {product} {command line}
     uint JVMCIThreadsPerNativeLibraryRuntime      = 1                                   {JVMCI product} {jimage}
   size_t MaxHeapSize                              = 536870912                                 {product} {command line}
   size_t MaxNewSize                               = 178782208                                 {product} {ergonomic}
   size_t MinHeapDeltaBytes                        = 524288                                    {product} {ergonomic}
   size_t MinHeapSize                              = 104857600                                 {product} {command line}
   size_t NewSize                                  = 34603008                                  {product} {ergonomic}
    uintx NonNMethodCodeHeapSize                   = 5826188                                {pd product} {ergonomic}
    uintx NonProfiledCodeHeapSize                  = 122916026                              {pd product} {ergonomic}
   size_t OldSize                                  = 70254592                                  {product} {ergonomic}
    uintx ProfiledCodeHeapSize                     = 122916026                              {pd product} {ergonomic}
    uintx ReservedCodeCacheSize                    = 251658240                              {pd product} {ergonomic}
     bool SegmentedCodeCache                       = true                                      {product} {ergonomic}
   size_t SoftMaxHeapSize                          = 536870912                              {manageable} {ergonomic}
     intx ThreadPriorityPolicy                     = 1                                         {product} {jimage}
     bool UseCompressedClassPointers               = true                           {product lp64_product} {ergonomic}
     bool UseCompressedOops                        = true                           {product lp64_product} {ergonomic}
     bool UseParallelGC                            = true                                      {product} {command line}

Logging:
Log output configuration:
 #0: stdout all=warning uptime,level,tags
 #1: stderr all=off uptime,level,tags

Environment Variables:
JAVA_HOME=/nix/store/gpxl5qgg8kicmcvivwmybwjlpf7wh20l-graalvm17-ce-22.3.0
PATH=/nix/store/1d6ian3r8kdzspw8hacjhl3xkp40g1lj-binutils-wrapper-2.39/bin:/nix/store/dq0xwmsk1g0i2ayg6pb7y87na2knzylh-gcc-wrapper-11.3.0/bin:/nix/store/bap4d0lpcrhpwmpb8ayjcgkmvfj62lnq-bash-interactive-5.1-p16/bin:/nix/store/pr5n59mb4jzmfx6kanwxly0l07p861fg-patchelf-0.15.0/bin:/nix/store/1gf2flfqnpqbr1b4p4qz2f72y42bs56r-gcc-11.3.0/bin:/nix/store/57xv61c5zi8pphjbcwxxjlgc34p61ic9-glibc-2.35-163-bin/bin:/nix/store/a7gvj343m05j2s32xcnwr35v31ynlypr-coreutils-9.1/bin:/nix/store/039g378vc3pc3dvi9dzdlrd0i4q93qwf-binutils-2.39/bin:/nix/store/gpxl5qgg8kicmcvivwmybwjlpf7wh20l-graalvm17-ce-22.3.0/bin:/nix/store/6z9ag3ihc8mq2hzsw48lhbznvzny65nz-apache-maven-3.8.6/bin:/nix/store/m6gcpi1ii6rghy04cjwjddcavv7i90df-jdt-language-server-1.9.0/bin:/nix/store/84xs5alhs01zrbr4ywm05kxbjbp5590l-java-debug/bin:/nix/store/mydc6f4k2z73xlcz7ilif3v2lcaiqvza-findutils-4.9.0/bin:/nix/store/j9p3g8472iijd50vhdprx0nmk2fqn5gv-diffutils-3.8/bin:/nix/store/89zs7rms6x00xfq4dq6m7mjnhkr8a6r4-gnused-4.8/bin:/nix/store/86bp03jkmsl6f92w0yzg4s59g5mhxwmy-gnugrep-3.7/bin:/nix/store/hwcdqw4jrjnd37wxqgsd47hd0j8bnj09-gawk-5.1.1/bin:/nix/store/cfbhw8r8ags41vwqaz47r583d0p4h4a1-gnutar-1.34/bin:/nix/store/p3m1ndl1lapwrlh698bnb5lvvxh67378-gzip-1.12/bin:/nix/store/a8mhcagrsly7c7mpjrpsnaahk4aax056-bzip2-1.0.8-bin/bin:/nix/store/mblgz65m3zv9x548a3d5m96fj2pbwr09-gnumake-4.3/bin:/nix/store/dsd5gz46hdbdk2rfdimqddhq6m8m8fqs-bash-5.1-p16/bin:/nix/store/v7ljksji50mg3w61dykaa3n3y79n6nil-patch-2.7.6/bin:/nix/store/zlcnmqq14jz5x9439jf937mvayyl63da-xz-5.2.7-bin/bin:/nix/store/y6aj732zm9m87c82fpvf103a1xb22blp-file-5.43/bin:/nix/store/sgqd0ajghcv2axfl1lad0b1alyavp0dc-prybar-elisp-0.0.0-67f7a00/bin:/nix/store/p3hsvljpgs68jqwar41lc0jqhjj734lf-prybar-lua-0.0.0-67f7a00/bin:/nix/store/qzxs2gybds3s9kb1vkaflpgm2nwr85fh-prybar-python3-0.0.0-67f7a00/bin:/nix/store/km94z9mxp8w4m8gxxp5mbfpdf3nkfvd8-prybar-sqlite-0.0.0-67f7a00/bin:/nix/store/2pnc7b76asw0z59c4l6h6qy8arwqrii1-prybar-tcl-0.0.0-67f7a00/bin:/nix/store/hpbvrlwd5viqmvcaisb3x0118i913a9n-st
LD_LIBRARY_PATH=/nix/store/a4pff549sk2idnkpzk5nsfps3mdkdnvm-cups-2.4.2-lib/lib:/nix/store/72mqxxhh3cy5yifh92wh2yb8cl2hikyy-cairo-1.16.0/lib:/nix/store/2k366jrbsra97gjfxwvrhvixjfxdach5-glib-2.74.1/lib:/nix/store/2j2znigd8ak37rlwh9khz0ry3clqlw1l-gtk+3-3.24.34/lib:/nix/store/hisqvx32cd57apbpcsnkpx6k3549wql1-libglvnd-1.4.0/lib:/nix/store/p36pgcv991mq5srvg765b78yqpxvk3qs-mesa-21.3.3-drivers/lib:/nix/store/mav4251if1ahjq5vkpwycyyvnmy459c4-pulseaudio-14.2/lib
DISPLAY=:0
LANG=en_US.UTF-8

Signal Handlers:
   SIGSEGV: crash_handler in libjvm.so, mask=11100100010111111101111111111110, flags=SA_RESTART|SA_SIGINFO
    SIGBUS: crash_handler in libjvm.so, mask=11100100010111111101111111111110, flags=SA_RESTART|SA_SIGINFO
    SIGFPE: crash_handler in libjvm.so, mask=11100100010111111101111111111110, flags=SA_RESTART|SA_SIGINFO
   SIGPIPE: IsolateEnterStub_IgnoreSIGPIPEStartupHook_noopSignalHandler_8f19bff2f35b5f630d83b364d6b2339320d4ec70_216e8361c6bc87a8f89f58cc10d3b2fd4415bf87 in libjvmcicompiler.so, mask=00000000000000000000000000000000, flags=SA_RESTART
  *** Handler was modified!
  *** Expected: javaSignalHandler in libjvm.so, mask=11100100110111111111111111111110, flags=SA_RESTART|SA_SIGINFO
   SIGXFSZ: javaSignalHandler in libjvm.so, mask=11100100010111111101111111111110, flags=SA_RESTART|SA_SIGINFO
    SIGILL: crash_handler in libjvm.so, mask=11100100010111111101111111111110, flags=SA_RESTART|SA_SIGINFO
   SIGUSR2: SR_handler in libjvm.so, mask=00000000000000000000000000000000, flags=SA_RESTART|SA_SIGINFO
    SIGHUP: UserHandler in libjvm.so, mask=11100100010111111101111111111110, flags=SA_RESTART|SA_SIGINFO
    SIGINT: UserHandler in libjvm.so, mask=11100100010111111101111111111110, flags=SA_RESTART|SA_SIGINFO
   SIGTERM: UserHandler in libjvm.so, mask=11100100010111111101111111111110, flags=SA_RESTART|SA_SIGINFO
   SIGQUIT: UserHandler in libjvm.so, mask=11100100010111111101111111111110, flags=SA_RESTART|SA_SIGINFO
  *** Handler was modified!
  *** Expected: javaSignalHandler in libjvm.so, mask=11100100110111111111111111111110, flags=SA_RESTART|SA_SIGINFO
   SIGTRAP: crash_handler in libjvm.so, mask=11100100010111111101111111111110, flags=SA_RESTART|SA_SIGINFO


---------------  S Y S T E M  ---------------

OS:
DISTRIB_ID=Ubuntu
DISTRIB_RELEASE=20.04
DISTRIB_CODENAME=focal
DISTRIB_DESCRIPTION="Ubuntu 20.04.2 LTS"
uname: Linux 5.15.0-1029-gcp #36~20.04.1-Ubuntu SMP Tue Jan 24 16:54:15 UTC 2023 x86_64
OS uptime: 0 days 8:26 hours
libc: glibc 2.35 NPTL 2.35 
rlimit (soft/hard): STACK 8192k/infinity , CORE infinity/infinity , NPROC infinity/infinity , NOFILE 5242/5242 , AS infinity/infinity , CPU infinity/infinity , DATA infinity/infinity , FSIZE infinity/infinity , MEMLOCK 64k/64k
load average: 11.74 14.28 14.20

/proc/meminfo:
MemTotal:       65852724 kB
MemFree:        26592504 kB
MemAvailable:   44167500 kB
Buffers:         2357424 kB
Cached:         13972472 kB
SwapCached:            0 kB
Active:          8817368 kB
Inactive:       26508768 kB
Active(anon):      16044 kB
Inactive(anon): 18727020 kB
Active(file):    8801324 kB
Inactive(file):  7781748 kB
Unevictable:       43604 kB
Mlocked:           43604 kB
SwapTotal:             0 kB
SwapFree:              0 kB
Dirty:              1948 kB
Writeback:             0 kB
AnonPages:      17655036 kB
Mapped:          1839088 kB
Shmem:             98476 kB
KReclaimable:    1718524 kB
Slab:            2953520 kB
SReclaimable:    1718524 kB
SUnreclaim:      1234996 kB
KernelStack:      402016 kB
PageTables:       169172 kB
NFS_Unstable:          0 kB
Bounce:                0 kB
WritebackTmp:          0 kB
CommitLimit:    32926360 kB
Committed_AS:   65423324 kB
VmallocTotal:   34359738367 kB
VmallocUsed:      438596 kB
VmallocChunk:          0 kB
Percpu:            59168 kB
HardwareCorrupted:     0 kB
AnonHugePages:   1083392 kB
ShmemHugePages:        0 kB
ShmemPmdMapped:        0 kB
FileHugePages:         0 kB
FilePmdMapped:         0 kB
HugePages_Total:       0
HugePages_Free:        0
HugePages_Rsvd:        0
HugePages_Surp:        0
Hugepagesize:       2048 kB
Hugetlb:               0 kB
DirectMap4k:     4447040 kB
DirectMap2M:    43784192 kB
DirectMap1G:    20971520 kB

/sys/kernel/mm/transparent_hugepage/enabled: always [madvise] never
/sys/kernel/mm/transparent_hugepage/defrag (defrag/compaction efforts parameter): always defer defer+madvise [madvise] never

Process Memory:
Virtual Size: 5456508K (peak: 5497660K)
Resident Set Size: 734456K (peak: 771056K) (anon: 541552K, file: 192904K, shmem: 0K)
Swapped out: 0K
C-Heap outstanding allocations: 41327K, retained: 14556K
glibc malloc tunables: (default)

/proc/sys/kernel/threads-max (system-wide limit on the number of threads): 514406
/proc/sys/vm/max_map_count (maximum number of memory map areas a process may have): 65530
/proc/sys/kernel/pid_max (system-wide limit on number of process identifiers): 4194304

container (cgroup) information:
container_type: cgroupv1
cpu_cpuset_cpus: 2-7
cpu_memory_nodes: 0
active_processor_count: 1
cpu_quota: 50000
cpu_period: 100000
cpu_shares: 512
memory_limit_in_bytes: 1048576 k
memory_and_swap_limit_in_bytes: 1048576 k
memory_soft_limit_in_bytes: 524288 k
memory_usage_in_bytes: 578788 k
memory_max_usage_in_bytes: 609936 k
maximum number of tasks: 1000
current number of tasks: 66

KVM virtualization detected
Steal ticks since vm start: 0
Steal ticks percentage since vm start:  0.000

CPU: total 8 (initial active 1) (8 cores per cpu, 2 threads per core) family 23 model 49 stepping 0 microcode 0xffffffff, cx8, cmov, fxsr, ht, mmx, 3dnowpref, sse, sse2, sse3, ssse3, sse4a, sse4.1, sse4.2, popcnt, lzcnt, tsc, tscinvbit, avx, avx2, aes, clmul, bmi1, bmi2, adx, sha, fma, vzeroupper, clflush, clflushopt, hv
CPU Model and flags from /proc/cpuinfo:
model name	: AMD EPYC 7B12
flags		: fpu vme de pse tsc msr pae mce cx8 apic sep mtrr pge mca cmov pat pse36 clflush mmx fxsr sse sse2 ht syscall nx mmxext fxsr_opt pdpe1gb rdtscp lm constant_tsc rep_good nopl nonstop_tsc cpuid extd_apicid tsc_known_freq pni pclmulqdq ssse3 fma cx16 sse4_1 sse4_2 movbe popcnt aes xsave avx f16c rdrand hypervisor lahf_lm cmp_legacy cr8_legacy abm sse4a misalignsse 3dnowprefetch osvw topoext ssbd ibrs ibpb stibp vmmcall fsgsbase tsc_adjust bmi1 avx2 smep bmi2 rdseed adx smap clflushopt clwb sha_ni xsaveopt xsavec xgetbv1 clzero xsaveerptr arat npt nrip_save umip rdpid

Online cpus: 0-7
Offline cpus: 
BIOS frequency limitation: <Not Available>
Frequency switch latency (ns): <Not Available>
Available cpu frequencies: <Not Available>
Current governor: <Not Available>
Core performance/turbo boost: <Not Available>

Memory: 4k page, physical 1048576k(469776k free), swap 0k(0k free)
Page Sizes: 4k

vm_info: OpenJDK 64-Bit Server VM (17.0.5+8-jvmci-22.3-b08) for linux-amd64 JRE (17.0.5+8-jvmci-22.3-b08), built on Oct 19 2022 09:01:27 by "buildslave" with gcc 10.3.0

END.
